Log file open, 10/12/16 18:08:10
LogInit:Display: Running engine for game: Cyber_Pirates_001
LogPlatformFile: Not using cached read wrapper
LogInit:Display: RandInit(657426464) SRandInit(657426465).
LogTaskGraph: Started task graph with 5 named threads and 12 total threads with 1 sets of task threads.
LogStats: Stats thread started at 0.809201
LogPluginManager: Loaded Plugin Paper2D, From C:/Program Files (x86)/Epic Games/4.13/Engine/Plugins/2D/Paper2D/Paper2D.uplugin
LogPluginManager: Loaded Plugin LightPropagationVolume, From C:/Program Files (x86)/Epic Games/4.13/Engine/Plugins/Blendables/LightPropagationVolume/LightPropagationVolume.uplugin
LogPluginManager: Loaded Plugin BlankPlugin, From C:/Program Files (x86)/Epic Games/4.13/Engine/Plugins/Developer/BlankPlugin/BlankPlugin.uplugin
LogPluginManager: Loaded Plugin CodeLiteSourceCodeAccess, From C:/Program Files (x86)/Epic Games/4.13/Engine/Plugins/Developer/CodeLiteSourceCodeAccess/CodeLiteSourceCodeAccess.uplugin
LogPluginManager: Loaded Plugin GitSourceControl, From C:/Program Files (x86)/Epic Games/4.13/Engine/Plugins/Developer/GitSourceControl/GitSourceControl.uplugin
LogPluginManager: Loaded Plugin KDevelopSourceCodeAccess, From C:/Program Files (x86)/Epic Games/4.13/Engine/Plugins/Developer/KDevelopSourceCodeAccess/KDevelopSourceCodeAccess.uplugin
LogPluginManager: Loaded Plugin NullSourceCodeAccess, From C:/Program Files (x86)/Epic Games/4.13/Engine/Plugins/Developer/NullSourceCodeAccess/NullSourceCodeAccess.uplugin
LogPluginManager: Loaded Plugin OneSkyLocalizationService, From C:/Program Files (x86)/Epic Games/4.13/Engine/Plugins/Developer/OneSkyLocalizationService/OneSkyLocalizationService.uplugin
LogPluginManager: Loaded Plugin PerforceSourceControl, From C:/Program Files (x86)/Epic Games/4.13/Engine/Plugins/Developer/PerforceSourceControl/PerforceSourceControl.uplugin
LogPluginManager: Loaded Plugin SubversionSourceControl, From C:/Program Files (x86)/Epic Games/4.13/Engine/Plugins/Developer/SubversionSourceControl/SubversionSourceControl.uplugin
LogPluginManager: Loaded Plugin UObjectPlugin, From C:/Program Files (x86)/Epic Games/4.13/Engine/Plugins/Developer/UObjectPlugin/UObjectPlugin.uplugin
LogPluginManager: Loaded Plugin VisualStudioSourceCodeAccess, From C:/Program Files (x86)/Epic Games/4.13/Engine/Plugins/Developer/VisualStudioSourceCodeAccess/VisualStudioSourceCodeAccess.uplugin
LogPluginManager: Loaded Plugin XCodeSourceCodeAccess, From C:/Program Files (x86)/Epic Games/4.13/Engine/Plugins/Developer/XCodeSourceCodeAccess/XCodeSourceCodeAccess.uplugin
LogPluginManager: Loaded Plugin EpicSurvey, From C:/Program Files (x86)/Epic Games/4.13/Engine/Plugins/Editor/EpicSurvey/EpicSurvey.uplugin
LogPluginManager: Loaded Plugin MacGraphicsSwitching, From C:/Program Files (x86)/Epic Games/4.13/Engine/Plugins/Editor/MacGraphicsSwitching/MacGraphicsSwitching.uplugin
LogPluginManager: Loaded Plugin MobileLauncherProfileWizard, From C:/Program Files (x86)/Epic Games/4.13/Engine/Plugins/Editor/MobileLauncherProfileWizard/MobileLauncherProfileWizard.uplugin
LogPluginManager: Loaded Plugin PluginBrowser, From C:/Program Files (x86)/Epic Games/4.13/Engine/Plugins/Editor/PluginBrowser/PluginBrowser.uplugin
LogPluginManager: Loaded Plugin SpeedTreeImporter, From C:/Program Files (x86)/Epic Games/4.13/Engine/Plugins/Editor/SpeedTreeImporter/SpeedTreeImporter.uplugin
LogPluginManager: Loaded Plugin SuperSearchEditor, From C:/Program Files (x86)/Epic Games/4.13/Engine/Plugins/Editor/SuperSearchEditor/SuperSearchEditor.uplugin
LogPluginManager: Loaded Plugin AlembicImporter, From C:/Program Files (x86)/Epic Games/4.13/Engine/Plugins/Experimental/AlembicImporter/AlembicImporter.uplugin
LogPluginManager: Loaded Plugin BlueprintStats, From C:/Program Files (x86)/Epic Games/4.13/Engine/Plugins/Experimental/BlueprintStats/BlueprintStats.uplugin
LogPluginManager: Loaded Plugin CharacterAI, From C:/Program Files (x86)/Epic Games/4.13/Engine/Plugins/Experimental/CharacterAI/CharacterAI.uplugin
LogPluginManager: Loaded Plugin CodeEditor, From C:/Program Files (x86)/Epic Games/4.13/Engine/Plugins/Experimental/CodeEditor/CodeEditor.uplugin
LogPluginManager: Loaded Plugin CodeView, From C:/Program Files (x86)/Epic Games/4.13/Engine/Plugins/Experimental/CodeView/CodeView.uplugin
LogPluginManager: Loaded Plugin HTML5Networking, From C:/Program Files (x86)/Epic Games/4.13/Engine/Plugins/Experimental/HTML5Networking/HTML5Networking.uplugin
LogPluginManager: Loaded Plugin LiveEditor, From C:/Program Files (x86)/Epic Games/4.13/Engine/Plugins/Experimental/LiveEditor/LiveEditor.uplugin
LogPluginManager: Loaded Plugin OSVR, From C:/Program Files (x86)/Epic Games/4.13/Engine/Plugins/Experimental/OSVR/OSVR.uplugin
LogPluginManager: Loaded Plugin Phya, From C:/Program Files (x86)/Epic Games/4.13/Engine/Plugins/Experimental/Phya/Phya.uplugin
LogPluginManager: Loaded Plugin SignificanceManager, From C:/Program Files (x86)/Epic Games/4.13/Engine/Plugins/Experimental/SignificanceManager/SignificanceManager.uplugin
LogPluginManager: Loaded Plugin SimpleHMD, From C:/Program Files (x86)/Epic Games/4.13/Engine/Plugins/Experimental/SimpleHMD/SimpleHMD.uplugin
LogPluginManager: Loaded Plugin StereoPanorama, From C:/Program Files (x86)/Epic Games/4.13/Engine/Plugins/Experimental/StereoPanorama/StereoPanorama.uplugin
LogPluginManager: Loaded Plugin StructBox, From C:/Program Files (x86)/Epic Games/4.13/Engine/Plugins/Experimental/StructBox/StructBox.uplugin
LogPluginManager: Loaded Plugin AndroidMedia, From C:/Program Files (x86)/Epic Games/4.13/Engine/Plugins/Media/AndroidMedia/AndroidMedia.uplugin
LogPluginManager: Loaded Plugin AvfMedia, From C:/Program Files (x86)/Epic Games/4.13/Engine/Plugins/Media/AvfMedia/AvfMedia.uplugin
LogPluginManager: Loaded Plugin MediaPlayerEditor, From C:/Program Files (x86)/Epic Games/4.13/Engine/Plugins/Media/MediaPlayerEditor/MediaPlayerEditor.uplugin
LogPluginManager: Loaded Plugin WmfMedia, From C:/Program Files (x86)/Epic Games/4.13/Engine/Plugins/Media/WmfMedia/WmfMedia.uplugin
LogPluginManager: Loaded Plugin MessagingDebugger, From C:/Program Files (x86)/Epic Games/4.13/Engine/Plugins/Messaging/MessagingDebugger/MessagingDebugger.uplugin
LogPluginManager: Loaded Plugin TcpMessaging, From C:/Program Files (x86)/Epic Games/4.13/Engine/Plugins/Messaging/TcpMessaging/TcpMessaging.uplugin
LogPluginManager: Loaded Plugin UdpMessaging, From C:/Program Files (x86)/Epic Games/4.13/Engine/Plugins/Messaging/UdpMessaging/UdpMessaging.uplugin
LogPluginManager: Loaded Plugin LevelSequenceEditor, From C:/Program Files (x86)/Epic Games/4.13/Engine/Plugins/MovieScene/LevelSequenceEditor/LevelSequenceEditor.uplugin
LogPluginManager: Loaded Plugin MatineeToLevelSequence, From C:/Program Files (x86)/Epic Games/4.13/Engine/Plugins/MovieScene/MatineeToLevelSequence/MatineeToLevelSequence.uplugin
LogPluginManager: Loaded Plugin NetcodeUnitTest, From C:/Program Files (x86)/Epic Games/4.13/Engine/Plugins/NetcodeUnitTest/NetcodeUnitTest/NetcodeUnitTest.uplugin
LogPluginManager: Loaded Plugin NUTUnrealEngine4, From C:/Program Files (x86)/Epic Games/4.13/Engine/Plugins/NetcodeUnitTest/NUTUnrealEngine4/NUTUnrealEngine4.uplugin
LogPluginManager: Loaded Plugin OnlineSubsystemGooglePlay, From C:/Program Files (x86)/Epic Games/4.13/Engine/Plugins/Online/Android/OnlineSubsystemGooglePlay/OnlineSubsystemGooglePlay.uplugin
LogPluginManager: Loaded Plugin OnlineSubsystemIOS, From C:/Program Files (x86)/Epic Games/4.13/Engine/Plugins/Online/IOS/OnlineSubsystemIOS/OnlineSubsystemIOS.uplugin
LogPluginManager: Loaded Plugin OnlineFramework, From C:/Program Files (x86)/Epic Games/4.13/Engine/Plugins/Online/OnlineFramework/OnlineFramework.uplugin
LogPluginManager: Loaded Plugin OnlineSubsystem, From C:/Program Files (x86)/Epic Games/4.13/Engine/Plugins/Online/OnlineSubsystem/OnlineSubsystem.uplugin
LogPluginManager: Loaded Plugin OnlineSubsystemAmazon, From C:/Program Files (x86)/Epic Games/4.13/Engine/Plugins/Online/OnlineSubsystemAmazon/OnlineSubsystemAmazon.uplugin
LogPluginManager: Loaded Plugin OnlineSubsystemFacebook, From C:/Program Files (x86)/Epic Games/4.13/Engine/Plugins/Online/OnlineSubsystemFacebook/OnlineSubsystemFacebook.uplugin
LogPluginManager: Loaded Plugin OnlineSubsystemNull, From C:/Program Files (x86)/Epic Games/4.13/Engine/Plugins/Online/OnlineSubsystemNull/OnlineSubsystemNull.uplugin
LogPluginManager: Loaded Plugin OnlineSubsystemOculus, From C:/Program Files (x86)/Epic Games/4.13/Engine/Plugins/Online/OnlineSubsystemOculus/OnlineSubsystemOculus.uplugin
LogPluginManager: Loaded Plugin OnlineSubsystemSteam, From C:/Program Files (x86)/Epic Games/4.13/Engine/Plugins/Online/OnlineSubsystemSteam/OnlineSubsystemSteam.uplugin
LogPluginManager: Loaded Plugin OnlineSubsystemUtils, From C:/Program Files (x86)/Epic Games/4.13/Engine/Plugins/Online/OnlineSubsystemUtils/OnlineSubsystemUtils.uplugin
LogPluginManager: Loaded Plugin IOSTapJoy, From C:/Program Files (x86)/Epic Games/4.13/Engine/Plugins/Runtime/Advertising/IOSTapJoy/IOSTapJoy.uplugin
LogPluginManager: Loaded Plugin AnalyticsBlueprintLibrary, From C:/Program Files (x86)/Epic Games/4.13/Engine/Plugins/Runtime/Analytics/AnalyticsBlueprintLibrary/AnalyticsBlueprintLibrary.uplugin
LogPluginManager: Loaded Plugin AnalyticsMulticast, From C:/Program Files (x86)/Epic Games/4.13/Engine/Plugins/Runtime/Analytics/AnalyticsMulticast/AnalyticsMulticast.uplugin
LogPluginManager: Loaded Plugin Apsalar, From C:/Program Files (x86)/Epic Games/4.13/Engine/Plugins/Runtime/Analytics/Apsalar/Apsalar.uplugin
LogPluginManager: Loaded Plugin FileLogging, From C:/Program Files (x86)/Epic Games/4.13/Engine/Plugins/Runtime/Analytics/FileLogging/FileLogging.uplugin
LogPluginManager: Loaded Plugin Flurry, From C:/Program Files (x86)/Epic Games/4.13/Engine/Plugins/Runtime/Analytics/Flurry/Flurry.uplugin
LogPluginManager: Loaded Plugin AndroidDeviceProfileSelector, From C:/Program Files (x86)/Epic Games/4.13/Engine/Plugins/Runtime/AndroidDeviceProfileSelector/AndroidDeviceProfileSelector.uplugin
LogPluginManager: Loaded Plugin AndroidMoviePlayer, From C:/Program Files (x86)/Epic Games/4.13/Engine/Plugins/Runtime/AndroidMoviePlayer/AndroidMoviePlayer.uplugin
LogPluginManager: Loaded Plugin AppleMoviePlayer, From C:/Program Files (x86)/Epic Games/4.13/Engine/Plugins/Runtime/AppleMoviePlayer/AppleMoviePlayer.uplugin
LogPluginManager: Loaded Plugin ArchVisCharacter, From C:/Program Files (x86)/Epic Games/4.13/Engine/Plugins/Runtime/ArchVisCharacter/ArchVisCharacter.uplugin
LogPluginManager: Loaded Plugin CableComponent, From C:/Program Files (x86)/Epic Games/4.13/Engine/Plugins/Runtime/CableComponent/CableComponent.uplugin
LogPluginManager: Loaded Plugin CustomMeshComponent, From C:/Program Files (x86)/Epic Games/4.13/Engine/Plugins/Runtime/CustomMeshComponent/CustomMeshComponent.uplugin
LogPluginManager: Loaded Plugin ExampleDeviceProfileSelector, From C:/Program Files (x86)/Epic Games/4.13/Engine/Plugins/Runtime/ExampleDeviceProfileSelector/ExampleDeviceProfileSelector.uplugin
LogPluginManager: Loaded Plugin GearVR, From C:/Program Files (x86)/Epic Games/4.13/Engine/Plugins/Runtime/GearVR/GearVR.uplugin
LogPluginManager: Loaded Plugin GoogleVRController, From C:/Program Files (x86)/Epic Games/4.13/Engine/Plugins/Runtime/GoogleVR/GoogleVRController/GoogleVRController.uplugin
LogPluginManager: Loaded Plugin GoogleVRHMD, From C:/Program Files (x86)/Epic Games/4.13/Engine/Plugins/Runtime/GoogleVR/GoogleVRHMD/GoogleVRHMD.uplugin
LogPluginManager: Loaded Plugin IOSDeviceProfileSelector, From C:/Program Files (x86)/Epic Games/4.13/Engine/Plugins/Runtime/IOSDeviceProfileSelector/IOSDeviceProfileSelector.uplugin
LogPluginManager: Loaded Plugin LeapMotion, From C:/Program Files (x86)/Epic Games/4.13/Engine/Plugins/Runtime/LeapMotion/LeapMotion.uplugin
LogPluginManager: Loaded Plugin LinuxDeviceProfileSelector, From C:/Program Files (x86)/Epic Games/4.13/Engine/Plugins/Runtime/LinuxDeviceProfileSelector/LinuxDeviceProfileSelector.uplugin
LogPluginManager: Loaded Plugin LiveEditorListenServer, From C:/Program Files (x86)/Epic Games/4.13/Engine/Plugins/Runtime/LiveEditorListenServer/LiveEditorListenServer.uplugin
LogPluginManager: Loaded Plugin OculusAudio, From C:/Program Files (x86)/Epic Games/4.13/Engine/Plugins/Runtime/OculusAudio/OculusAudio.uplugin
LogPluginManager: Loaded Plugin OculusInput, From C:/Program Files (x86)/Epic Games/4.13/Engine/Plugins/Runtime/OculusInput/OculusInput.uplugin
LogPluginManager: Loaded Plugin OculusLibrary, From C:/Program Files (x86)/Epic Games/4.13/Engine/Plugins/Runtime/OculusLibrary/OculusLibrary.uplugin
LogPluginManager: Loaded Plugin OculusRift, From C:/Program Files (x86)/Epic Games/4.13/Engine/Plugins/Runtime/OculusRift/OculusRift.uplugin
LogPluginManager: Loaded Plugin Oodle, From C:/Program Files (x86)/Epic Games/4.13/Engine/Plugins/Runtime/PacketHandlers/CompressionComponents/Oodle/Oodle.uplugin
LogPluginManager: Loaded Plugin ProceduralMeshComponent, From C:/Program Files (x86)/Epic Games/4.13/Engine/Plugins/Runtime/ProceduralMeshComponent/ProceduralMeshComponent.uplugin
LogPluginManager: Loaded Plugin SoundMod, From C:/Program Files (x86)/Epic Games/4.13/Engine/Plugins/Runtime/SoundMod/SoundMod.uplugin
LogPluginManager: Loaded Plugin SoundVisualizations, From C:/Program Files (x86)/Epic Games/4.13/Engine/Plugins/Runtime/SoundVisualizations/SoundVisualizations.uplugin
LogPluginManager: Loaded Plugin SteamController, From C:/Program Files (x86)/Epic Games/4.13/Engine/Plugins/Runtime/Steam/SteamController/SteamController.uplugin
LogPluginManager: Loaded Plugin SteamVR, From C:/Program Files (x86)/Epic Games/4.13/Engine/Plugins/Runtime/Steam/SteamVR/SteamVR.uplugin
LogPluginManager: Loaded Plugin WebBrowserWidget, From C:/Program Files (x86)/Epic Games/4.13/Engine/Plugins/Runtime/WebBrowserWidget/WebBrowserWidget.uplugin
LogPluginManager: Loaded Plugin WindowsDeviceProfileSelector, From C:/Program Files (x86)/Epic Games/4.13/Engine/Plugins/Runtime/WindowsDeviceProfileSelector/WindowsDeviceProfileSelector.uplugin
LogPluginManager: Loaded Plugin WindowsMoviePlayer, From C:/Program Files (x86)/Epic Games/4.13/Engine/Plugins/Runtime/WindowsMoviePlayer/WindowsMoviePlayer.uplugin
LogPluginManager: Loaded Plugin ScriptPlugin, From C:/Program Files (x86)/Epic Games/4.13/Engine/Plugins/ScriptPlugin/ScriptPlugin.uplugin
LogPluginManager: Loaded Plugin SlateRemote, From C:/Program Files (x86)/Epic Games/4.13/Engine/Plugins/Slate/SlateRemote/SlateRemote.uplugin
LogInit: Using libcurl 7.47.1
LogInit:  - built for x86_64-pc-win32
LogInit:  - supports SSL with WinSSL
LogInit:  - other features:
LogInit:      CURL_VERSION_SSL
LogInit:      CURL_VERSION_IPV6
LogInit:      CURL_VERSION_ASYNCHDNS
LogInit:      CURL_VERSION_LARGEFILE
LogInit:      CURL_VERSION_IDN
LogInit:  CurlRequestOptions (configurable via config and command line):
LogInit:  - bVerifyPeer = false  - Libcurl will NOT verify peer certificate
LogInit:  - bUseHttpProxy = false  - Libcurl will NOT use HTTP proxy
LogInit:  - bDontReuseConnections = false  - Libcurl will reuse connections
LogInit:  - CertBundlePath = nullptr  - Libcurl will use whatever was configured at build time.
LogInit: Build: ++UE4+Release-4.13-CL-3106830
LogInit: Engine Version: 4.13.0-3106830+++UE4+Release-4.13
LogInit: Compatible Engine Version: 4.13.0-3106830+++UE4+Release-4.13
LogInit: Net CL: 3106830
LogDevObjectVersion: Number of dev versions registered: 13
LogDevObjectVersion:   Dev-Blueprints (B0D832E4-1F89-4F0D-ACCF-7EB736FD4AA2): 5
LogDevObjectVersion:   Dev-Build (E1C64328-A22C-4D53-A36C-8E866417BD8C): 0
LogDevObjectVersion:   Dev-Core (375EC13C-06E4-48FB-B500-84F0262A717E): 1
LogDevObjectVersion:   Dev-Editor (E4B068ED-F494-42E9-A231-DA0B2E46BB41): 6
LogDevObjectVersion:   Dev-Framework (CFFC743F-43B0-4480-9391-14DF171D2073): 12
LogDevObjectVersion:   Dev-Mobile (B02B49B5-BB20-44E9-A304-32B752E40360): 0
LogDevObjectVersion:   Dev-Networking (A4E4105C-59A1-49B5-A7C5-40C4547EDFEE): 0
LogDevObjectVersion:   Dev-Online (39C831C9-5AE6-47DC-9A44-9C173E1C8E7C): 0
LogDevObjectVersion:   Dev-Physics (78F01B33-EBEA-4F98-B9B4-84EACCB95AA2): 0
LogDevObjectVersion:   Dev-Platform (6631380F-2D4D-43E0-8009-CF276956A95A): 0
LogDevObjectVersion:   Dev-Rendering (12F88B9F-8875-4AFC-A67C-D90C383ABD29): 4
LogDevObjectVersion:   Dev-Sequencer (7B5AE74C-D270-4C10-A958-57980B212A5A): 0
LogDevObjectVersion:   Dev-VR (D7296918-1DD6-4BDD-9DE2-64A83CC13884): 0
LogInit: Compiled (64-bit): Aug 30 2016 18:11:39
LogInit: Compiled with Visual C++: 19.00.23026.00
LogInit: Build Configuration: Development
LogInit: Branch Name: ++UE4+Release-4.13
LogInit: Command line:  
LogInit: Base directory: C:/Program Files (x86)/Epic Games/4.13/Engine/Binaries/Win64/
LogInit: Installed Engine Build: 1
LogInit: Presizing for max 8388607 objects, including 0 objects not considered by GC, pre-allocating 0 bytes for permanent pool.
LogInit: Object subsystem initialized
[2016.10.13-01.08.10:321][  0]LogInit: Selected Device Profile: [Windows]
[2016.10.13-01.08.10:322][  0]LogInit: Applying CVar settings loaded from the selected device profile: [Windows]
[2016.10.13-01.08.10:364][  0]LogInit: Computer: AI301LAB0204P03
[2016.10.13-01.08.10:364][  0]LogInit: User: aicaoc
[2016.10.13-01.08.10:364][  0]LogInit: CPU Page size=65536, Cores=8
[2016.10.13-01.08.10:364][  0]LogInit: High frequency timer resolution =2.337949 MHz
[2016.10.13-01.08.10:365][  0]LogMemory: Memory total: Physical=16.0GB (16GB approx)
[2016.10.13-01.08.10:365][  0]LogMemory: Platform Memory Stats for Windows
[2016.10.13-01.08.10:365][  0]LogMemory: Process Physical Memory: 262.32 MB used, 262.32 MB peak
[2016.10.13-01.08.10:365][  0]LogMemory: Process Virtual Memory: 261.52 MB used, 261.52 MB peak
[2016.10.13-01.08.10:365][  0]LogMemory: Physical Memory: 12216.38 MB used, 16367.22 MB total
[2016.10.13-01.08.10:365][  0]LogMemory: Virtual Memory: 610.93 MB used, 8388608.00 MB total
[2016.10.13-01.08.10:544][  0]LogTextLocalizationManager: No specific translations for ('en-US') exist, so ('en') translations will be used.
[2016.10.13-01.08.11:787][  0]LogD3D11RHI: D3D11 adapters:
[2016.10.13-01.08.11:828][  0]LogD3D11RHI:    0. 'NVIDIA GeForce GTX 960' (Feature Level 11_0)
[2016.10.13-01.08.11:828][  0]LogD3D11RHI:       4010/0/7927 MB DedicatedVideo/DedicatedSystem/SharedSystem, Outputs:1, VendorId:0x10de
[2016.10.13-01.08.11:828][  0]LogD3D11RHI: Chosen D3D11 Adapter: 0
[2016.10.13-01.08.11:837][  0]LogD3D11RHI: Creating new Direct3DDevice
[2016.10.13-01.08.11:838][  0]LogD3D11RHI:     GPU DeviceId: 0x1401 (for the marketing name, search the web for "GPU Device Id")
[2016.10.13-01.08.11:838][  0]LogWindows: EnumDisplayDevices:
[2016.10.13-01.08.11:838][  0]LogWindows:    0. 'NVIDIA GeForce GTX 960' (P:1 D:1)
[2016.10.13-01.08.11:838][  0]LogWindows:    1. 'NVIDIA GeForce GTX 960' (P:0 D:0)
[2016.10.13-01.08.11:839][  0]LogWindows:    2. 'NVIDIA GeForce GTX 960' (P:0 D:0)
[2016.10.13-01.08.11:839][  0]LogWindows:    3. 'NVIDIA GeForce GTX 960' (P:0 D:0)
[2016.10.13-01.08.11:839][  0]LogWindows:    4. 'RDPDD Chained DD' (P:0 D:0)
[2016.10.13-01.08.11:839][  0]LogWindows:    5. 'RDP Encoder Mirror Driver' (P:0 D:0)
[2016.10.13-01.08.11:839][  0]LogWindows:    6. 'RDP Reflector Display Driver' (P:0 D:0)
[2016.10.13-01.08.11:839][  0]LogWindows: DebugString: GetVideoDriverDetailsInvalid PrimaryIsNotTheChoosenAdapter GetVideoDriverDetailsInvalid PrimaryIsNotTheChoosenAdapter GetVideoDriverDetailsInvalid PrimaryIsNotTheChoosenAdapter FoundDriverCount:4 
[2016.10.13-01.08.11:839][  0]LogD3D11RHI:     Adapter Name: NVIDIA GeForce GTX 960
[2016.10.13-01.08.11:840][  0]LogD3D11RHI:   Driver Version: 368.39 (internal:10.18.13.6839, unified:368.39)
[2016.10.13-01.08.11:840][  0]LogD3D11RHI:      Driver Date: 6-2-2016
[2016.10.13-01.08.11:840][  0]LogRHI: Texture pool is 1361 MB (70% of 1945 MB)
[2016.10.13-01.08.11:853][  0]LogD3D11RHI: Async texture creation enabled
[2016.10.13-01.08.11:897][  0]LogD3D11RHI: GPU Timing Frequency: 1000.000000 (Debug: 2 2)
[2016.10.13-01.08.11:903][  0]LogShaderCompilers: Guid format shader working directory is -46 characters bigger than the processId version (F:/Ai/Adv Game Prototyping/Cyber_Pirates/Design/Level_Design/Cyber_Pirates/Cyber_Pirates_001/Intermediate/Shaders/WorkingDirectory/10196/).
[2016.10.13-01.08.11:903][  0]LogShaderCompilers: Cleaned the shader compiler working directory 'C:/Users/aicaoc/AppData/Local/Temp/UnrealShaderWorkingDir/2B93FEE74D40E4CA2A9C09B8CC50FFF2/'.
[2016.10.13-01.08.11:904][  0]LogShaderCompilers:Display: Using Local Shader Compiler.
[2016.10.13-01.08.15:083][  0]LogTemp:Display: Loaded TP AllDesktopTargetPlatform
[2016.10.13-01.08.15:101][  0]LogTemp:Display: Loaded TP WindowsClientTargetPlatform
[2016.10.13-01.08.15:118][  0]LogTemp:Display: Loaded TP WindowsNoEditorTargetPlatform
[2016.10.13-01.08.15:134][  0]LogTemp:Display: Loaded TP WindowsServerTargetPlatform
[2016.10.13-01.08.15:152][  0]LogTemp:Display: Loaded TP WindowsTargetPlatform
[2016.10.13-01.08.15:170][  0]LogTemp:Display: Loaded TP AndroidTargetPlatform
[2016.10.13-01.08.15:185][  0]LogTemp:Display: Loaded TP Android_ASTCTargetPlatform
[2016.10.13-01.08.15:199][  0]LogTemp:Display: Loaded TP Android_ATCTargetPlatform
[2016.10.13-01.08.15:214][  0]LogTemp:Display: Loaded TP Android_DXTTargetPlatform
[2016.10.13-01.08.15:230][  0]LogTemp:Display: Loaded TP Android_ETC1TargetPlatform
[2016.10.13-01.08.15:247][  0]LogTemp:Display: Loaded TP Android_ETC2TargetPlatform
[2016.10.13-01.08.15:277][  0]LogTemp:Display: Loaded TP Android_MultiTargetPlatform
[2016.10.13-01.08.15:277][  0]LogTemp:Display: Loaded TP Android_PVRTCTargetPlatform
[2016.10.13-01.08.15:280][  0]LogTemp:Display: Loaded TP HTML5TargetPlatform
[2016.10.13-01.08.15:320][  0]LogTemp:Display: Loaded TP IOSTargetPlatform
[2016.10.13-01.08.15:333][  0]LogTemp:Display: Loaded TP TVOSTargetPlatform
[2016.10.13-01.08.15:348][  0]LogTemp:Display: Loaded TP LinuxClientTargetPlatform
[2016.10.13-01.08.15:367][  0]LogTemp:Display: Loaded TP LinuxNoEditorTargetPlatform
[2016.10.13-01.08.15:383][  0]LogTemp:Display: Loaded TP LinuxServerTargetPlatform
[2016.10.13-01.08.15:401][  0]LogTemp:Display: Loaded TP LinuxTargetPlatform
[2016.10.13-01.08.15:401][  0]LogTargetPlatformManager:Display: Building Assets For Windows
[2016.10.13-01.08.15:639][  0]LogDerivedDataCache:Display: Max Cache Size: 512 MB
[2016.10.13-01.08.16:167][  0]LogDerivedDataCache: Loaded boot cache 0.53s 63MB C:/Users/aicaoc/AppData/Local/UnrealEngine/4.13/DerivedDataCache/Boot.ddc.
[2016.10.13-01.08.16:167][  0]LogDerivedDataCache:Display: Loaded Boot cache: C:/Users/aicaoc/AppData/Local/UnrealEngine/4.13/DerivedDataCache/Boot.ddc
[2016.10.13-01.08.16:167][  0]LogDerivedDataCache: FDerivedDataBackendGraph:  Pak pak cache file F:/Ai/Adv Game Prototyping/Cyber_Pirates/Design/Level_Design/Cyber_Pirates/Cyber_Pirates_001/DerivedDataCache/DDC.ddp not found, will not use a pak cache.
[2016.10.13-01.08.16:167][  0]LogDerivedDataCache: Unable to find inner node Pak for hierarchical cache Hierarchy.
[2016.10.13-01.08.16:167][  0]LogDerivedDataCache: FDerivedDataBackendGraph:  CompressedPak pak cache file F:/Ai/Adv Game Prototyping/Cyber_Pirates/Design/Level_Design/Cyber_Pirates/Cyber_Pirates_001/DerivedDataCache/Compressed.ddp not found, will not use a pak cache.
[2016.10.13-01.08.16:167][  0]LogDerivedDataCache: Unable to find inner node CompressedPak for hierarchical cache Hierarchy.
[2016.10.13-01.08.16:228][  0]LogDerivedDataCache:Display: Pak cache opened for reading ../../../Engine/DerivedDataCache/Compressed.ddp.
[2016.10.13-01.08.16:241][  0]LogDerivedDataCache: Using Local data cache path C:/Users/aicaoc/AppData/Local/UnrealEngine/Common/DerivedDataCache: Writable
[2016.10.13-01.08.17:519][  0]LogInit: Selected Device Profile: [Windows]
[2016.10.13-01.08.17:529][  0]LogMaterial: Uniform references updated for custom material expression Custom.
[2016.10.13-01.08.17:541][  0]LogContentStreaming: Texture pool size is 0.00 MB
[2016.10.13-01.08.17:913][  0]LogMeshUtilities: No automatic mesh reduction module available
[2016.10.13-01.08.17:913][  0]LogMeshUtilities: No automatic mesh merging module available
[2016.10.13-01.08.17:913][  0]LogMeshUtilities: No distributed automatic mesh merging module available
[2016.10.13-01.08.18:798][  0]LogNetVersion: GetLocalNetworkVersion: CL: 3106830, ProjectName: cyber_pirates_001, ProjectVersion: , EngineNetworkVersion: 1, GameNetworkVersion: 0, NetworkChecksum: 1354488230
[2016.10.13-01.08.18:866][  0]LogAssetRegistry: FAssetRegistry took 0.0248 seconds to start up
[2016.10.13-01.08.19:268][  0]LogPackageLocalizationCache: Processed 3 localized package path(s) for 2 prioritized culture(s) in 0.394428 seconds
[2016.10.13-01.08.19:277][  0]LogUObjectArray: 29780 objects as part of root set at end of initial load.
[2016.10.13-01.08.19:277][  0]LogUObjectAllocator: 6125864 out of 0 bytes used by permanent object pool.
[2016.10.13-01.08.19:277][  0]LogUObjectArray: CloseDisregardForGC: 0/0 objects in disregard for GC pool
[2016.10.13-01.08.19:291][  0]LogInit: WinSock: version 1.1 (2.2), MaxSocks=32767, MaxUdp=65467
[2016.10.13-01.08.20:105][  0]LogSlate: SlateFontCache - WITH_FREETYPE: 1, WITH_HARFBUZZ: 1
[2016.10.13-01.08.20:106][  0]LogSlate: SlateFontCache - WITH_FREETYPE: 1, WITH_HARFBUZZ: 1
[2016.10.13-01.08.22:616][  0]LogUdpMessaging: Initializing bridge on interface 0.0.0.0:0 to multicast group 230.0.0.1:6666.
[2016.10.13-01.08.23:259][  0]SourceControl: Info Source control is disabled
[2016.10.13-01.08.23:260][  0]SourceControl: Info Source control is disabled
[2016.10.13-01.08.23:288][  0]SourceControl: Info Source control is disabled
[2016.10.13-01.08.23:307][  0]SourceControl: Info Source control is disabled
[2016.10.13-01.08.23:943][  0]LogEngine: Initializing Engine...
[2016.10.13-01.08.23:944][  0]LogHMD: Failed to initialize OpenVR with code 110
[2016.10.13-01.08.24:292][  0]LogAIModule: Creating AISystem for world Untitled
[2016.10.13-01.08.24:323][  0]LogInit: XAudio2 using 'Speakers (Realtek High Definition Audio)' : 2 channels at 48 kHz using 32 bits per sample (channel mask 0x3)
[2016.10.13-01.08.24:339][  0]LogInit: FAudioDevice initialized.
[2016.10.13-01.08.24:393][  0]LogDerivedDataCache: Saved boot cache 0.05s 63MB C:/Users/aicaoc/AppData/Local/UnrealEngine/4.13/DerivedDataCache/Boot.ddc.
[2016.10.13-01.08.24:408][  0]LogInit: Texture streaming: Enabled
[2016.10.13-01.08.24:466][  0]LogInit: Transaction tracking system initialized
[2016.10.13-01.08.24:545][  0]BlueprintLog: New page: Editor Load
[2016.10.13-01.08.24:859][  0]LocalizationService: Info Localization service is disabled
[2016.10.13-01.08.25:095][  0]LogConsoleResponse:Display: 
[2016.10.13-01.08.25:377][  0]LogFileCache: Scanning file cache for directory 'F:/Ai/Adv Game Prototyping/Cyber_Pirates/Design/Level_Design/Cyber_Pirates/Cyber_Pirates_001/Content/' took 0.02s
[2016.10.13-01.08.25:377][  0]LogCook:Display: Max memory allowance for cook 16384mb min free memory 0mb
[2016.10.13-01.08.25:377][  0]LogCook:Display: Mobile HDR setting 1
[2016.10.13-01.08.25:763][  0]SourceControl: Info Source control is disabled
[2016.10.13-01.08.25:765][  0]Cmd: MAP LOAD FILE="../../../Engine/Content/Maps/Templates/Template_Default.umap" TEMPLATE=1 SHOWPROGRESS=1 FEATURELEVEL=3
[2016.10.13-01.08.25:770][  0]LightingResults: New page: Lighting Build
[2016.10.13-01.08.25:787][  0]MapCheck: New page: Map Check
[2016.10.13-01.08.25:787][  0]LightingResults: New page: Lighting Build
[2016.10.13-01.08.26:507][  0]LogAIModule: Creating AISystem for world Untitled_1
[2016.10.13-01.08.26:550][  0]LogEditorServer: Finished looking for orphan Actors (0.000 secs)
[2016.10.13-01.08.26:563][  0]Cmd: MAP CHECKDEP NOCLEARLOG
[2016.10.13-01.08.26:644][  0]MapCheck: Info Map check complete: 0 Error(s), 0 Warning(s), took 81.395ms to complete.
[2016.10.13-01.08.26:644][  0]LogFileHelpers: Loading map 'Template_Default' took 0.880
[2016.10.13-01.08.26:905][  0]LogCollectionManager: Loaded 0 collections in 0.002265 seconds
[2016.10.13-01.08.26:985][  0]LogFileCache: Scanning file cache for directory 'F:/Ai/Adv Game Prototyping/Cyber_Pirates/Design/Level_Design/Cyber_Pirates/Cyber_Pirates_001/Saved/Collections/' took 0.01s
[2016.10.13-01.08.26:985][  0]LogFileCache: Scanning file cache for directory 'F:/Ai/Adv Game Prototyping/Cyber_Pirates/Design/Level_Design/Cyber_Pirates/Cyber_Pirates_001/Content/Developers/aicaoc/Collections/' took 0.01s
[2016.10.13-01.08.26:985][  0]LogFileCache: Scanning file cache for directory 'F:/Ai/Adv Game Prototyping/Cyber_Pirates/Design/Level_Design/Cyber_Pirates/Cyber_Pirates_001/Content/Collections/' took 0.01s
[2016.10.13-01.08.26:985][  0]LogCollectionManager: Rebuilt the GUID cache for 0 collections in 0.000006 seconds
[2016.10.13-01.08.27:012][  0]LogContentBrowser: Native class hierarchy populated in 0.0223 seconds. Added 2141 classes and 415 folders.
[2016.10.13-01.08.27:026][  0]LogStats: UGameplayTagsManager::ConstructGameplayTagTree: Construct from data asset -  0.000 s
[2016.10.13-01.08.27:026][  0]LogStats: UGameplayTagsManager::ConstructGameplayTagTree: GameplayTagTreeChangedEvent.Broadcast -  0.000 s
[2016.10.13-01.08.27:027][  0]LogContentBrowser: Native class hierarchy updated for 'GameplayTags' in 0.0009 seconds. Added 12 classes and 0 folders.
[2016.10.13-01.08.27:036][  0]LogContentBrowser: Native class hierarchy updated for 'WidgetCarousel' in 0.0007 seconds. Added 0 classes and 0 folders.
[2016.10.13-01.08.27:253][  0]LogContentBrowser: Native class hierarchy updated for 'AddContentDialog' in 0.0009 seconds. Added 0 classes and 0 folders.
[2016.10.13-01.08.27:275][  0]LogContentBrowser: Native class hierarchy updated for 'SceneOutliner' in 0.0009 seconds. Added 1 classes and 2 folders.
[2016.10.13-01.08.27:372][  0]LogCrashTracker: Crashtracker disabled due to settings.
[2016.10.13-01.08.27:500][  0]LogContentBrowser: Native class hierarchy updated for 'HierarchicalLODOutliner' in 0.0008 seconds. Added 1 classes and 2 folders.
[2016.10.13-01.08.27:500][  0]LogLoad: (Engine Initialization) Total time: 21.77 seconds
[2016.10.13-01.08.27:500][  0]LogLoad: (Engine Initialization) Total Blueprint compile time: 0.17 seconds
[2016.10.13-01.08.27:500][  0]LogExternalProfiler: Found external profiler: VSPerf
[2016.10.13-01.08.27:500][  0]LogExternalProfiler: Using external profiler: VSPerf
[2016.10.13-01.08.27:510][  0]LogOcInput: OculusInput pre-init called
[2016.10.13-01.08.27:553][  0]LogContentStreaming: Texture pool size now 1000 MB
[2016.10.13-01.08.27:880][  0]LogRenderer: Reallocating scene render targets to support 1208x576 (Frame:2).
[2016.10.13-01.08.28:118][  2]LogAssetRegistry: Asset discovery search completed in 9.2739 seconds
[2016.10.13-01.08.28:118][  2]LogCollectionManager: Rebuilt the object cache for 0 collections in 0.000001 seconds (found 0 objects)
[2016.10.13-01.08.28:118][  2]LogCollectionManager: Fixed up redirectors for 0 collections in 0.000044 seconds (updated 0 objects)
[2016.10.13-01.15.27:563][617]LogAIModule: Creating AISystem for world Cyber_Pirates
[2016.10.13-01.15.27:612][617]Cmd: MAP LOAD FILE="F:/Ai/Adv Game Prototyping/Cyber_Pirates/Design/Level_Design/Cyber_Pirates/Cyber_Pirates_001/Content/Level/Cyber_Pirates.umap" TEMPLATE=0 SHOWPROGRESS=1 FEATURELEVEL=3
[2016.10.13-01.15.27:612][617]LightingResults: New page: Lighting Build
[2016.10.13-01.15.27:613][617]LoadErrors: New page: Loading map: Cyber_Pirates.umap
[2016.10.13-01.15.27:615][617]MapCheck: New page: Map Check
[2016.10.13-01.15.27:615][617]LightingResults: New page: Lighting Build
[2016.10.13-01.15.27:650][617]LogEditorServer: Finished looking for orphan Actors (0.000 secs)
[2016.10.13-01.15.27:683][617]Cmd: MAP CHECKDEP NOCLEARLOG
[2016.10.13-01.15.27:769][617]MapCheck: Info Map check complete: 0 Error(s), 0 Warning(s), took 85.079ms to complete.
[2016.10.13-01.15.27:769][617]LogFileHelpers: Loading map 'Cyber_Pirates' took 0.158
[2016.10.13-01.20.01:908][416]LogEditorViewport: Clicking on Actor (LMB): StaticMeshActor (SM_B_Medium14)
[2016.10.13-01.20.02:724][447]LogEditorViewport: Clicking on Actor (LMB): StaticMeshActor (SM_B_Medium9)
[2016.10.13-01.21.12:220][868]LogEditorViewport: Clicking on Actor (LMB): StaticMeshActor (SM_B_Large10)
[2016.10.13-01.21.17:295][210]LogEditorViewport: Clicking on Actor (LMB): StaticMeshActor (SM_B_Tower)
[2016.10.13-01.21.18:015][259]LogEditorViewport: Clicking on Actor (LMB): StaticMeshActor (SM_B_Small13)
[2016.10.13-01.21.28:273][ 19]LogEditorViewport: Clicking on Actor (LMB): StaticMeshActor (SM_B_Tower12)
[2016.10.13-01.21.34:668][479]LogEditorViewport: Clicking on Actor (LMB): StaticMeshActor (SM_B_Small30)
[2016.10.13-01.24.17:961][569]LogEditorViewport: Clicking on Actor (LMB): StaticMeshActor (SM_B_Small12)
[2016.10.13-01.24.29:843][430]LogEditorViewport: Clicking on Actor (LMB): BP_Sky_Sphere_C (Sky Sphere)
[2016.10.13-01.25.08:142][186]LogEditorViewport: Clicking on Actor (LMB): StaticMeshActor (SM_B_Small33)
[2016.10.13-01.25.15:107][721]LogEditorViewport: Clicking on Actor (context menu): StaticMeshActor (SM_B_Small33)
[2016.10.13-01.25.21:336][ 88]Cmd: ACTOR SELECT MATCHINGSTATICMESH
[2016.10.13-01.25.25:278][386]LogEditorViewport: Clicking on Actor (LMB): BP_Sky_Sphere_C (Sky Sphere)
[2016.10.13-01.35.46:593][444]LogSavePackage: Save=239.46ms
[2016.10.13-01.35.46:593][444]LogSavePackage: Moving 'F:/Ai/Adv Game Prototyping/Cyber_Pirates/Design/Level_Design/Cyber_Pirates/Cyber_Pirates_001/Saved/Cyber_Pirates_Auto1F1A8726B4C69A6C2CF49D4A8B638E3F2.tmp' to 'F:/Ai/Adv Game Prototyping/Cyber_Pirates/Design/Level_Design/Cyber_Pirates/Cyber_Pirates_001/Saved/Autosaves/Game/Level/Cyber_Pirates_Auto1.umap'
[2016.10.13-01.35.46:598][444]LogSavePackage:Display: Finished SavePackage F:/Ai/Adv Game Prototyping/Cyber_Pirates/Design/Level_Design/Cyber_Pirates/Cyber_Pirates_001/Saved/Autosaves/Game/Level/Cyber_Pirates_Auto1.umap
[2016.10.13-01.35.46:605][444]LogFileHelpers: Editor autosave (incl. sublevels) for '/Game/Level/Cyber_Pirates' took 0.317
[2016.10.13-01.35.46:605][444]LogFileHelpers: Editor autosave (incl. sublevels) for all levels took 0.317
[2016.10.13-02.12.45:502][907]LogEditorViewport: Clicking on Actor (LMB): StaticMeshActor (SM_B_Medium9)
[2016.10.13-02.12.56:047][609]LogRenderer: Reallocating scene render targets to support 1208x696 (Frame:126492).
[2016.10.13-02.12.56:090][610]LogRenderer: Reallocating scene render targets to support 1208x832 (Frame:126494).
[2016.10.13-02.12.56:148][611]LogRenderer: Reallocating scene render targets to support 1208x892 (Frame:126496).
[2016.10.13-02.12.56:195][612]LogRenderer: Reallocating scene render targets to support 1208x900 (Frame:126498).
[2016.10.13-02.13.00:855][937]LogEditorViewport: Clicking on Actor (LMB): StaticMeshActor (SM_Bridge_11)
[2016.10.13-02.13.30:578][144]LogEditorViewport: Clicking on Actor (LMB): StaticMeshActor (SM_B_Tower5)
[2016.10.13-02.13.31:037][172]LogEditorViewport: Clicking on Actor (LMB): StaticMeshActor (SM_B_Tower4)
[2016.10.13-02.13.31:562][205]LogEditorViewport: Clicking on Actor (LMB): StaticMeshActor (SM_B_Small24)
[2016.10.13-02.13.32:397][261]LogEditorViewport: Clicking on Actor (LMB): StaticMeshActor (SM_B_Tower18)
[2016.10.13-02.13.46:648][360]LogEditorViewport: Clicking on Actor (LMB): StaticMeshActor (SM_B_Tower18)
[2016.10.13-02.14.05:425][796]LogEditorViewport: Clicking on Actor (LMB): BP_Sky_Sphere_C (Sky Sphere)
[2016.10.13-02.27.36:702][379]LogSavePackage: Save=144.30ms
[2016.10.13-02.27.36:702][379]LogSavePackage: Moving 'F:/Ai/Adv Game Prototyping/Cyber_Pirates/Design/Level_Design/Cyber_Pirates/Cyber_Pirates_001/Saved/Cyber_Pirates79AE7EE44DF3EAAA231CEFA19F10B46B.tmp' to 'F:/Ai/Adv Game Prototyping/Cyber_Pirates/Design/Level_Design/Cyber_Pirates/Cyber_Pirates_001/Content/Level/Cyber_Pirates.umap'
[2016.10.13-02.27.36:712][379]LogSavePackage:Display: Finished SavePackage F:/Ai/Adv Game Prototyping/Cyber_Pirates/Design/Level_Design/Cyber_Pirates/Cyber_Pirates_001/Content/Level/Cyber_Pirates.umap
[2016.10.13-02.28.44:147][962]LogEditorViewport: Clicking on Actor (LMB): StaticMeshActor (SM_B_Large9)
[2016.10.13-02.28.45:192][ 36]LogEditorViewport: Clicking on Actor (LMB): StaticMeshActor (SM_B_Large11)
[2016.10.13-02.28.57:034][842]LogContentBrowser: Native class hierarchy updated for 'WorldBrowser' in 0.0010 seconds. Added 1 classes and 3 folders.
[2016.10.13-02.29.13:284][937]LightingResults: New page: Lighting Build
[2016.10.13-02.29.13:295][937]MapCheck: New page: Map Check
[2016.10.13-02.29.13:295][937]LightingResults: New page: Lighting Build
[2016.10.13-02.29.13:323][937]LogAIModule: Creating AISystem for world Untitled
[2016.10.13-02.29.13:330][937]LoadErrors: New page: New Map
[2016.10.13-02.30.16:722][398]LogSavePackage: Save=34.30ms
[2016.10.13-02.30.16:722][398]LogSavePackage: Moving 'F:/Ai/Adv Game Prototyping/Cyber_Pirates/Design/Level_Design/Cyber_Pirates/Cyber_Pirates_001/Saved/PersistentLevel_NavEEEB82284315D14CC74C8193F87C201D.tmp' to 'F:/Ai/Adv Game Prototyping/Cyber_Pirates/Design/Level_Design/Cyber_Pirates/Cyber_Pirates_001/Content/Level/PersistentLevel_Nav.umap'
[2016.10.13-02.30.16:741][398]LogSavePackage:Display: Finished SavePackage F:/Ai/Adv Game Prototyping/Cyber_Pirates/Design/Level_Design/Cyber_Pirates/Cyber_Pirates_001/Content/Level/PersistentLevel_Nav.umap
[2016.10.13-02.30.16:785][398]LogFileHelpers: Saving map 'PersistentLevel_Nav' took 1.048
[2016.10.13-02.30.16:788][398]Cmd: MAP LOAD FILE="F:/Ai/Adv Game Prototyping/Cyber_Pirates/Design/Level_Design/Cyber_Pirates/Cyber_Pirates_001/Content/Level/PersistentLevel_Nav.umap" TEMPLATE=0 SHOWPROGRESS=1 FEATURELEVEL=3
[2016.10.13-02.30.16:814][398]LightingResults: New page: Lighting Build
[2016.10.13-02.30.16:816][398]LoadErrors: New page: Loading map: PersistentLevel_Nav.umap
[2016.10.13-02.30.16:820][398]MapCheck: New page: Map Check
[2016.10.13-02.30.16:820][398]LightingResults: New page: Lighting Build
[2016.10.13-02.30.16:844][398]LogAIModule: Creating AISystem for world PersistentLevel_Nav
[2016.10.13-02.30.16:847][398]LogEditorServer: Finished looking for orphan Actors (0.000 secs)
[2016.10.13-02.30.16:883][398]Cmd: MAP CHECKDEP NOCLEARLOG
[2016.10.13-02.30.16:968][398]MapCheck: Info Map check complete: 0 Error(s), 0 Warning(s), took 84.739ms to complete.
[2016.10.13-02.30.16:968][398]LogFileHelpers: Loading map 'PersistentLevel_Nav' took 0.183
[2016.10.13-02.31.34:596][967]LogSavePackage: Save=146.24ms
[2016.10.13-02.31.34:596][967]LogSavePackage: Moving 'F:/Ai/Adv Game Prototyping/Cyber_Pirates/Design/Level_Design/Cyber_Pirates/Cyber_Pirates_001/Saved/Cyber_Pirates16540B0045A3DE080E4E78A67C196EC3.tmp' to 'F:/Ai/Adv Game Prototyping/Cyber_Pirates/Design/Level_Design/Cyber_Pirates/Cyber_Pirates_001/Content/Level/Cyber_Pirates.umap'
[2016.10.13-02.31.34:609][967]LogSavePackage:Display: Finished SavePackage F:/Ai/Adv Game Prototyping/Cyber_Pirates/Design/Level_Design/Cyber_Pirates/Cyber_Pirates_001/Content/Level/Cyber_Pirates.umap
[2016.10.13-02.32.15:538][690]LogSavePackage: Save=15.79ms
[2016.10.13-02.32.15:538][690]LogSavePackage: Moving 'F:/Ai/Adv Game Prototyping/Cyber_Pirates/Design/Level_Design/Cyber_Pirates/Cyber_Pirates_001/Saved/BuildingsLevel6DD7932144E6586A58A83791DD2ECE46.tmp' to 'F:/Ai/Adv Game Prototyping/Cyber_Pirates/Design/Level_Design/Cyber_Pirates/Cyber_Pirates_001/Content/Level/BuildingsLevel.umap'
[2016.10.13-02.32.15:540][690]LogSavePackage:Display: Finished SavePackage F:/Ai/Adv Game Prototyping/Cyber_Pirates/Design/Level_Design/Cyber_Pirates/Cyber_Pirates_001/Content/Level/BuildingsLevel.umap
[2016.10.13-02.32.15:543][690]LogFileHelpers: Saving map 'BuildingsLevel' took 0.225
[2016.10.13-02.32.26:919][860]LogSavePackage: Save=15.30ms
[2016.10.13-02.32.26:919][860]LogSavePackage: Moving 'F:/Ai/Adv Game Prototyping/Cyber_Pirates/Design/Level_Design/Cyber_Pirates/Cyber_Pirates_001/Saved/BuildingsLevelE9905E544A9088B97F6311984B030BE5.tmp' to 'F:/Ai/Adv Game Prototyping/Cyber_Pirates/Design/Level_Design/Cyber_Pirates/Cyber_Pirates_001/Content/Level/BuildingsLevel.umap'
[2016.10.13-02.32.26:923][860]LogSavePackage:Display: Finished SavePackage F:/Ai/Adv Game Prototyping/Cyber_Pirates/Design/Level_Design/Cyber_Pirates/Cyber_Pirates_001/Content/Level/BuildingsLevel.umap
[2016.10.13-02.34.33:666][304]LogActorFactory: Actor Factory created SM_B_Tower
[2016.10.13-02.34.34:468][374]LogActorFactory: Actor Factory created SM_B_Tower
[2016.10.13-02.34.44:326][253]LogEditorViewport: Clicking on Actor (LMB): StaticMeshActor (SM_B_Tower19)
[2016.10.13-02.34.44:607][269]Cmd: DELETE
[2016.10.13-02.34.44:607][269]Cmd: ACTOR DELETE
[2016.10.13-02.34.44:614][269]LogEditorActor: Deleted Actor: StaticMeshActor
[2016.10.13-02.34.44:631][269]LogEditorActor: Deleted 1 Actors (0.017 secs)
[2016.10.13-02.35.00:496][163]LogSavePackage: Save=16.32ms
[2016.10.13-02.35.00:496][163]LogSavePackage: Moving 'F:/Ai/Adv Game Prototyping/Cyber_Pirates/Design/Level_Design/Cyber_Pirates/Cyber_Pirates_001/Saved/AudioLevelE12188CC41BDE6E1713C51B6CEB2CC46.tmp' to 'F:/Ai/Adv Game Prototyping/Cyber_Pirates/Design/Level_Design/Cyber_Pirates/Cyber_Pirates_001/Content/Level/AudioLevel.umap'
[2016.10.13-02.35.00:499][163]LogSavePackage:Display: Finished SavePackage F:/Ai/Adv Game Prototyping/Cyber_Pirates/Design/Level_Design/Cyber_Pirates/Cyber_Pirates_001/Content/Level/AudioLevel.umap
[2016.10.13-02.35.00:504][163]LogFileHelpers: Saving map 'AudioLevel' took 0.648
[2016.10.13-02.35.04:333][533]LogSavePackage: Save=22.39ms
[2016.10.13-02.35.04:333][533]LogSavePackage: Moving 'F:/Ai/Adv Game Prototyping/Cyber_Pirates/Design/Level_Design/Cyber_Pirates/Cyber_Pirates_001/Saved/AudioLevelF352B1754957E5CFB3C16AB63B92D1F0.tmp' to 'F:/Ai/Adv Game Prototyping/Cyber_Pirates/Design/Level_Design/Cyber_Pirates/Cyber_Pirates_001/Content/Level/AudioLevel.umap'
[2016.10.13-02.35.04:336][533]LogSavePackage:Display: Finished SavePackage F:/Ai/Adv Game Prototyping/Cyber_Pirates/Design/Level_Design/Cyber_Pirates/Cyber_Pirates_001/Content/Level/AudioLevel.umap
[2016.10.13-02.35.14:706][850]LogSavePackage: Save=15.25ms
[2016.10.13-02.35.14:706][850]LogSavePackage: Moving 'F:/Ai/Adv Game Prototyping/Cyber_Pirates/Design/Level_Design/Cyber_Pirates/Cyber_Pirates_001/Saved/VisualEffectsLevel8BCE2FE14504774BAC3AD5A1835D3820.tmp' to 'F:/Ai/Adv Game Prototyping/Cyber_Pirates/Design/Level_Design/Cyber_Pirates/Cyber_Pirates_001/Content/Level/VisualEffectsLevel.umap'
[2016.10.13-02.35.14:708][850]LogSavePackage:Display: Finished SavePackage F:/Ai/Adv Game Prototyping/Cyber_Pirates/Design/Level_Design/Cyber_Pirates/Cyber_Pirates_001/Content/Level/VisualEffectsLevel.umap
[2016.10.13-02.35.14:714][850]LogFileHelpers: Saving map 'VisualEffectsLevel' took 0.202
[2016.10.13-02.35.20:046][383]LogSavePackage: Save=15.38ms
[2016.10.13-02.35.20:046][383]LogSavePackage: Moving 'F:/Ai/Adv Game Prototyping/Cyber_Pirates/Design/Level_Design/Cyber_Pirates/Cyber_Pirates_001/Saved/VisualEffectsLevel3AFA4FE94451617D28E03DBF1487FCC9.tmp' to 'F:/Ai/Adv Game Prototyping/Cyber_Pirates/Design/Level_Design/Cyber_Pirates/Cyber_Pirates_001/Content/Level/VisualEffectsLevel.umap'
[2016.10.13-02.35.20:050][383]LogSavePackage:Display: Finished SavePackage F:/Ai/Adv Game Prototyping/Cyber_Pirates/Design/Level_Design/Cyber_Pirates/Cyber_Pirates_001/Content/Level/VisualEffectsLevel.umap
[2016.10.13-02.35.37:669][600]LogSavePackage: Save=15.52ms
[2016.10.13-02.35.37:669][600]LogSavePackage: Moving 'F:/Ai/Adv Game Prototyping/Cyber_Pirates/Design/Level_Design/Cyber_Pirates/Cyber_Pirates_001/Saved/TurretsLevelD8A8547D4B632C7BBCC5A28B1F38D462.tmp' to 'F:/Ai/Adv Game Prototyping/Cyber_Pirates/Design/Level_Design/Cyber_Pirates/Cyber_Pirates_001/Content/Level/TurretsLevel.umap'
[2016.10.13-02.35.37:672][600]LogSavePackage:Display: Finished SavePackage F:/Ai/Adv Game Prototyping/Cyber_Pirates/Design/Level_Design/Cyber_Pirates/Cyber_Pirates_001/Content/Level/TurretsLevel.umap
[2016.10.13-02.35.37:677][600]LogFileHelpers: Saving map 'TurretsLevel' took 0.224
[2016.10.13-02.35.41:861][  4]LogSavePackage: Save=14.57ms
[2016.10.13-02.35.41:861][  4]LogSavePackage: Moving 'F:/Ai/Adv Game Prototyping/Cyber_Pirates/Design/Level_Design/Cyber_Pirates/Cyber_Pirates_001/Saved/TurretsLevelD4FF91E046F16F73D7E321B95AE09B1E.tmp' to 'F:/Ai/Adv Game Prototyping/Cyber_Pirates/Design/Level_Design/Cyber_Pirates/Cyber_Pirates_001/Content/Level/TurretsLevel.umap'
[2016.10.13-02.35.41:865][  4]LogSavePackage:Display: Finished SavePackage F:/Ai/Adv Game Prototyping/Cyber_Pirates/Design/Level_Design/Cyber_Pirates/Cyber_Pirates_001/Content/Level/TurretsLevel.umap
[2016.10.13-02.37.03:592][519]LogSavePackage: Save=14.49ms
[2016.10.13-02.37.03:592][519]LogSavePackage: Moving 'F:/Ai/Adv Game Prototyping/Cyber_Pirates/Design/Level_Design/Cyber_Pirates/Cyber_Pirates_001/Saved/GamePlayLevel045FC8D8415B3E437FB4A38078A8D7A0.tmp' to 'F:/Ai/Adv Game Prototyping/Cyber_Pirates/Design/Level_Design/Cyber_Pirates/Cyber_Pirates_001/Content/Level/GamePlayLevel.umap'
[2016.10.13-02.37.03:600][519]LogSavePackage:Display: Finished SavePackage F:/Ai/Adv Game Prototyping/Cyber_Pirates/Design/Level_Design/Cyber_Pirates/Cyber_Pirates_001/Content/Level/GamePlayLevel.umap
[2016.10.13-02.37.03:601][519]LogFileHelpers: Saving map 'GamePlayLevel' took 0.136
[2016.10.13-02.37.41:389][134]LogSavePackage: Save=13.99ms
[2016.10.13-02.37.41:389][134]LogSavePackage: Moving 'F:/Ai/Adv Game Prototyping/Cyber_Pirates/Design/Level_Design/Cyber_Pirates/Cyber_Pirates_001/Saved/LightingLevel115C65AC49AFB3A5E664CBBEF07D92F1.tmp' to 'F:/Ai/Adv Game Prototyping/Cyber_Pirates/Design/Level_Design/Cyber_Pirates/Cyber_Pirates_001/Content/Level/LightingLevel.umap'
[2016.10.13-02.37.41:392][134]LogSavePackage:Display: Finished SavePackage F:/Ai/Adv Game Prototyping/Cyber_Pirates/Design/Level_Design/Cyber_Pirates/Cyber_Pirates_001/Content/Level/LightingLevel.umap
[2016.10.13-02.37.41:398][134]LogFileHelpers: Saving map 'LightingLevel' took 0.211
[2016.10.13-02.37.48:176][818]LogSavePackage: Save=16.10ms
[2016.10.13-02.37.48:176][818]LogSavePackage: Moving 'F:/Ai/Adv Game Prototyping/Cyber_Pirates/Design/Level_Design/Cyber_Pirates/Cyber_Pirates_001/Saved/LightingLevelC4A6519F4239BAACB0AEEA9C821E4B3E.tmp' to 'F:/Ai/Adv Game Prototyping/Cyber_Pirates/Design/Level_Design/Cyber_Pirates/Cyber_Pirates_001/Content/Level/LightingLevel.umap'
[2016.10.13-02.37.48:181][818]LogSavePackage:Display: Finished SavePackage F:/Ai/Adv Game Prototyping/Cyber_Pirates/Design/Level_Design/Cyber_Pirates/Cyber_Pirates_001/Content/Level/LightingLevel.umap
[2016.10.13-02.39.12:370][618]LogEditorViewport: Clicking on Actor (LMB): StaticMeshActor (SM_B_Medium14)
[2016.10.13-02.39.12:801][642]LogEditorViewport: Clicking on Actor (LMB): StaticMeshActor (SM_B_Small28)
[2016.10.13-02.39.13:562][690]LogEditorViewport: Clicking on Actor (LMB): StaticMeshActor (SM_B_Medium14)
[2016.10.13-02.39.16:021][858]Cmd: TRANSACTION UNDO
[2016.10.13-02.39.16:021][858]LogEditorTransaction: Undo Move Actors
[2016.10.13-02.39.32:388][ 20]LogEditorViewport: Clicking on Actor (LMB): StaticMeshActor (SM_B_Medium3)
[2016.10.13-02.39.38:627][487]Cmd: TRANSACTION UNDO
[2016.10.13-02.39.38:627][487]LogEditorTransaction: Undo Move Actors
[2016.10.13-02.39.45:943][ 15]LogEditorViewport: Clicking on Actor (LMB): StaticMeshActor (SM_B_Small29)
[2016.10.13-02.39.51:065][388]LogEditorViewport: Clicking on Actor (LMB): StaticMeshActor (SM_B_Small23)
[2016.10.13-02.39.53:975][599]Cmd: TRANSACTION UNDO
[2016.10.13-02.39.53:975][599]LogEditorTransaction: Undo Move Actors
[2016.10.13-02.39.54:178][611]Cmd: TRANSACTION UNDO
[2016.10.13-02.39.54:178][611]LogEditorTransaction: Undo Clicking on Actors
[2016.10.13-02.39.54:347][615]Cmd: TRANSACTION UNDO
[2016.10.13-02.39.54:347][615]LogEditorTransaction: Undo Move Actors
[2016.10.13-02.39.54:508][622]Cmd: TRANSACTION UNDO
[2016.10.13-02.39.54:508][622]LogEditorTransaction: Undo Clicking on Actors
[2016.10.13-02.39.55:394][679]LogEditorViewport: Clicking on Actor (LMB): BP_Sky_Sphere_C (Sky Sphere)
[2016.10.13-02.47.48:797][661]LogSavePackage: Save=17.64ms
[2016.10.13-02.47.48:797][661]LogSavePackage: Moving 'F:/Ai/Adv Game Prototyping/Cyber_Pirates/Design/Level_Design/Cyber_Pirates/Cyber_Pirates_001/Saved/PersistentLevel_Nav_Auto2817E498345982AA16B6C9F974CF6926A.tmp' to 'F:/Ai/Adv Game Prototyping/Cyber_Pirates/Design/Level_Design/Cyber_Pirates/Cyber_Pirates_001/Saved/Autosaves/Game/Level/PersistentLevel_Nav_Auto2.umap'
[2016.10.13-02.47.48:800][661]LogSavePackage:Display: Finished SavePackage F:/Ai/Adv Game Prototyping/Cyber_Pirates/Design/Level_Design/Cyber_Pirates/Cyber_Pirates_001/Saved/Autosaves/Game/Level/PersistentLevel_Nav_Auto2.umap
[2016.10.13-02.47.49:019][661]LogSavePackage: Save=177.80ms
[2016.10.13-02.47.49:021][661]LogSavePackage: Moving 'F:/Ai/Adv Game Prototyping/Cyber_Pirates/Design/Level_Design/Cyber_Pirates/Cyber_Pirates_001/Saved/Cyber_Pirates_Auto21E15E3B940179BE79858B59832249726.tmp' to 'F:/Ai/Adv Game Prototyping/Cyber_Pirates/Design/Level_Design/Cyber_Pirates/Cyber_Pirates_001/Saved/Autosaves/Game/Level/Cyber_Pirates_Auto2.umap'
[2016.10.13-02.47.49:023][661]LogSavePackage:Display: Finished SavePackage F:/Ai/Adv Game Prototyping/Cyber_Pirates/Design/Level_Design/Cyber_Pirates/Cyber_Pirates_001/Saved/Autosaves/Game/Level/Cyber_Pirates_Auto2.umap
[2016.10.13-02.47.49:055][661]LogSavePackage: Save=19.42ms
[2016.10.13-02.47.49:055][661]LogSavePackage: Moving 'F:/Ai/Adv Game Prototyping/Cyber_Pirates/Design/Level_Design/Cyber_Pirates/Cyber_Pirates_001/Saved/BuildingsLevel_Auto20E7E0A1243DE89195B81A6AA3B3DCCB4.tmp' to 'F:/Ai/Adv Game Prototyping/Cyber_Pirates/Design/Level_Design/Cyber_Pirates/Cyber_Pirates_001/Saved/Autosaves/Game/Level/BuildingsLevel_Auto2.umap'
[2016.10.13-02.47.49:058][661]LogSavePackage:Display: Finished SavePackage F:/Ai/Adv Game Prototyping/Cyber_Pirates/Design/Level_Design/Cyber_Pirates/Cyber_Pirates_001/Saved/Autosaves/Game/Level/BuildingsLevel_Auto2.umap
[2016.10.13-02.47.49:089][661]LogSavePackage: Save=18.70ms
[2016.10.13-02.47.49:089][661]LogSavePackage: Moving 'F:/Ai/Adv Game Prototyping/Cyber_Pirates/Design/Level_Design/Cyber_Pirates/Cyber_Pirates_001/Saved/AudioLevel_Auto22F56A8CF4038E8DBF0941DB53396994B.tmp' to 'F:/Ai/Adv Game Prototyping/Cyber_Pirates/Design/Level_Design/Cyber_Pirates/Cyber_Pirates_001/Saved/Autosaves/Game/Level/AudioLevel_Auto2.umap'
[2016.10.13-02.47.49:091][661]LogSavePackage:Display: Finished SavePackage F:/Ai/Adv Game Prototyping/Cyber_Pirates/Design/Level_Design/Cyber_Pirates/Cyber_Pirates_001/Saved/Autosaves/Game/Level/AudioLevel_Auto2.umap
[2016.10.13-02.47.49:191][661]LogSavePackage: Save=85.92ms
[2016.10.13-02.47.49:191][661]LogSavePackage: Moving 'F:/Ai/Adv Game Prototyping/Cyber_Pirates/Design/Level_Design/Cyber_Pirates/Cyber_Pirates_001/Saved/VisualEffectsLevel_Auto2B091665E4C3C231EFF09FAB6B8754AA6.tmp' to 'F:/Ai/Adv Game Prototyping/Cyber_Pirates/Design/Level_Design/Cyber_Pirates/Cyber_Pirates_001/Saved/Autosaves/Game/Level/VisualEffectsLevel_Auto2.umap'
[2016.10.13-02.47.49:195][661]LogSavePackage:Display: Finished SavePackage F:/Ai/Adv Game Prototyping/Cyber_Pirates/Design/Level_Design/Cyber_Pirates/Cyber_Pirates_001/Saved/Autosaves/Game/Level/VisualEffectsLevel_Auto2.umap
[2016.10.13-02.47.49:226][661]LogSavePackage: Save=17.72ms
[2016.10.13-02.47.49:226][661]LogSavePackage: Moving 'F:/Ai/Adv Game Prototyping/Cyber_Pirates/Design/Level_Design/Cyber_Pirates/Cyber_Pirates_001/Saved/LightingLevel_Auto2E743112641A251045FDE6FB7E457173E.tmp' to 'F:/Ai/Adv Game Prototyping/Cyber_Pirates/Design/Level_Design/Cyber_Pirates/Cyber_Pirates_001/Saved/Autosaves/Game/Level/LightingLevel_Auto2.umap'
[2016.10.13-02.47.49:229][661]LogSavePackage:Display: Finished SavePackage F:/Ai/Adv Game Prototyping/Cyber_Pirates/Design/Level_Design/Cyber_Pirates/Cyber_Pirates_001/Saved/Autosaves/Game/Level/LightingLevel_Auto2.umap
[2016.10.13-02.47.49:230][661]LogFileHelpers: Editor autosave (incl. sublevels) for '/Game/Level/PersistentLevel_Nav' took 0.483
[2016.10.13-02.47.49:230][661]LogFileHelpers: Editor autosave (incl. sublevels) for all levels took 0.483
[2016.10.13-03.19.57:203][893]LogEditorViewport: Clicking on Actor (LMB): BP_Sky_Sphere_C (Sky Sphere)
[2016.10.13-03.28.20:757][242]LogSavePackage: Save=41.57ms
[2016.10.13-03.28.20:757][242]LogSavePackage: Moving 'F:/Ai/Adv Game Prototyping/Cyber_Pirates/Design/Level_Design/Cyber_Pirates/Cyber_Pirates_001/Saved/LightingLevel6EAC7CDB41A49EA2B28391B95D39B3D5.tmp' to 'F:/Ai/Adv Game Prototyping/Cyber_Pirates/Design/Level_Design/Cyber_Pirates/Cyber_Pirates_001/Content/Level/LightingLevel.umap'
[2016.10.13-03.28.20:767][242]LogSavePackage:Display: Finished SavePackage F:/Ai/Adv Game Prototyping/Cyber_Pirates/Design/Level_Design/Cyber_Pirates/Cyber_Pirates_001/Content/Level/LightingLevel.umap
[2016.10.13-03.28.30:619][919]LogSavePackage: Save=18.34ms
[2016.10.13-03.28.30:619][919]LogSavePackage: Moving 'F:/Ai/Adv Game Prototyping/Cyber_Pirates/Design/Level_Design/Cyber_Pirates/Cyber_Pirates_001/Saved/GamePlayLevel11A28201479B2F657E7B2F835C7C3DE1.tmp' to 'F:/Ai/Adv Game Prototyping/Cyber_Pirates/Design/Level_Design/Cyber_Pirates/Cyber_Pirates_001/Content/Level/GamePlayLevel.umap'
[2016.10.13-03.28.30:625][919]LogSavePackage:Display: Finished SavePackage F:/Ai/Adv Game Prototyping/Cyber_Pirates/Design/Level_Design/Cyber_Pirates/Cyber_Pirates_001/Content/Level/GamePlayLevel.umap
[2016.10.13-03.28.35:573][244]LogSavePackage: Save=17.12ms
[2016.10.13-03.28.35:573][244]LogSavePackage: Moving 'F:/Ai/Adv Game Prototyping/Cyber_Pirates/Design/Level_Design/Cyber_Pirates/Cyber_Pirates_001/Saved/VisualEffectsLevel6F323DF84481749231E85588FE9AFA05.tmp' to 'F:/Ai/Adv Game Prototyping/Cyber_Pirates/Design/Level_Design/Cyber_Pirates/Cyber_Pirates_001/Content/Level/VisualEffectsLevel.umap'
[2016.10.13-03.28.35:582][244]LogSavePackage:Display: Finished SavePackage F:/Ai/Adv Game Prototyping/Cyber_Pirates/Design/Level_Design/Cyber_Pirates/Cyber_Pirates_001/Content/Level/VisualEffectsLevel.umap
[2016.10.13-03.28.40:258][551]LogSavePackage: Save=16.18ms
[2016.10.13-03.28.40:258][551]LogSavePackage: Moving 'F:/Ai/Adv Game Prototyping/Cyber_Pirates/Design/Level_Design/Cyber_Pirates/Cyber_Pirates_001/Saved/AudioLevel0B58FBE54C2EDCEDBF967080F12F6846.tmp' to 'F:/Ai/Adv Game Prototyping/Cyber_Pirates/Design/Level_Design/Cyber_Pirates/Cyber_Pirates_001/Content/Level/AudioLevel.umap'
[2016.10.13-03.28.40:267][551]LogSavePackage:Display: Finished SavePackage F:/Ai/Adv Game Prototyping/Cyber_Pirates/Design/Level_Design/Cyber_Pirates/Cyber_Pirates_001/Content/Level/AudioLevel.umap
[2016.10.13-03.28.44:325][810]LogSavePackage: Save=14.93ms
[2016.10.13-03.28.44:325][810]LogSavePackage: Moving 'F:/Ai/Adv Game Prototyping/Cyber_Pirates/Design/Level_Design/Cyber_Pirates/Cyber_Pirates_001/Saved/BuildingsLevelFE137E914A0BF73405C74893494D4FE1.tmp' to 'F:/Ai/Adv Game Prototyping/Cyber_Pirates/Design/Level_Design/Cyber_Pirates/Cyber_Pirates_001/Content/Level/BuildingsLevel.umap'
[2016.10.13-03.28.44:334][810]LogSavePackage:Display: Finished SavePackage F:/Ai/Adv Game Prototyping/Cyber_Pirates/Design/Level_Design/Cyber_Pirates/Cyber_Pirates_001/Content/Level/BuildingsLevel.umap
[2016.10.13-03.28.48:526][ 81]LogSavePackage: Save=158.79ms
[2016.10.13-03.28.48:526][ 81]LogSavePackage: Moving 'F:/Ai/Adv Game Prototyping/Cyber_Pirates/Design/Level_Design/Cyber_Pirates/Cyber_Pirates_001/Saved/Cyber_Pirates09CF12214AA9EED49006AE91084AEA0C.tmp' to 'F:/Ai/Adv Game Prototyping/Cyber_Pirates/Design/Level_Design/Cyber_Pirates/Cyber_Pirates_001/Content/Level/Cyber_Pirates.umap'
[2016.10.13-03.28.48:535][ 81]LogSavePackage:Display: Finished SavePackage F:/Ai/Adv Game Prototyping/Cyber_Pirates/Design/Level_Design/Cyber_Pirates/Cyber_Pirates_001/Content/Level/Cyber_Pirates.umap
[2016.10.13-03.28.53:308][393]LogSavePackage: Save=19.61ms
[2016.10.13-03.28.53:308][393]LogSavePackage: Moving 'F:/Ai/Adv Game Prototyping/Cyber_Pirates/Design/Level_Design/Cyber_Pirates/Cyber_Pirates_001/Saved/PersistentLevel_NavED7B660444E8D36929304587D24ADFF8.tmp' to 'F:/Ai/Adv Game Prototyping/Cyber_Pirates/Design/Level_Design/Cyber_Pirates/Cyber_Pirates_001/Content/Level/PersistentLevel_Nav.umap'
[2016.10.13-03.28.53:316][393]LogSavePackage:Display: Finished SavePackage F:/Ai/Adv Game Prototyping/Cyber_Pirates/Design/Level_Design/Cyber_Pirates/Cyber_Pirates_001/Content/Level/PersistentLevel_Nav.umap
[2016.10.13-03.28.55:938][550]Cmd: QUIT_EDITOR
[2016.10.13-03.28.56:040][550]LogExit: Preparing to exit.
[2016.10.13-03.28.56:249][550]LogExit: Editor shut down
[2016.10.13-03.28.56:249][550]LogExit: Transaction tracking system shut down
[2016.10.13-03.28.56:471][550]LogObj: Freed 0b from 0 cluster array pools.
[2016.10.13-03.28.56:471][550]LogExit: Object subsystem successfully closed.
[2016.10.13-03.28.56:517][550]LogD3D11RHI: Shutdown
[2016.10.13-03.28.56:517][550]LogD3D11RHI: CleanupD3DDevice
[2016.10.13-03.28.56:593][550]LogD3D11RHI: ~FD3D11DynamicRHI
[2016.10.13-03.28.56:636][550]LogModuleManager: Shutting down and abandoning module NewLevelDialog (235)
[2016.10.13-03.28.56:636][550]LogModuleManager: Shutting down and abandoning module WorldBrowser (234)
[2016.10.13-03.28.56:636][550]LogModuleManager: Shutting down and abandoning module HierarchicalLODOutliner (233)
[2016.10.13-03.28.56:637][550]LogModuleManager: Shutting down and abandoning module CrashTracker (232)
[2016.10.13-03.28.56:637][550]LogModuleManager: Shutting down and abandoning module SceneOutliner (231)
[2016.10.13-03.28.56:637][550]LogModuleManager: Shutting down and abandoning module WidgetCarousel (230)
[2016.10.13-03.28.56:637][550]LogModuleManager: Shutting down and abandoning module AddContentDialog (229)
[2016.10.13-03.28.56:637][550]LogDirectoryWatcher: A directory notification for 'C:/Program Files (x86)/Epic Games/4.13/FeaturePacks/' was aborted.
[2016.10.13-03.28.56:640][550]LogModuleManager: Shutting down and abandoning module GameplayTags (228)
[2016.10.13-03.28.56:640][550]LogModuleManager: Shutting down and abandoning module EditorWidgets (227)
[2016.10.13-03.28.56:640][550]LogModuleManager: Shutting down and abandoning module CollectionManager (226)
[2016.10.13-03.28.56:640][550]LogDirectoryWatcher: A directory notification for 'F:/Ai/Adv Game Prototyping/Cyber_Pirates/Design/Level_Design/Cyber_Pirates/Cyber_Pirates_001/Content/Collections/' was aborted.
[2016.10.13-03.28.56:640][550]LogDirectoryWatcher: A directory notification for 'F:/Ai/Adv Game Prototyping/Cyber_Pirates/Design/Level_Design/Cyber_Pirates/Cyber_Pirates_001/Content/Developers/aicaoc/Collections/' was aborted.
[2016.10.13-03.28.56:640][550]LogDirectoryWatcher: A directory notification for 'F:/Ai/Adv Game Prototyping/Cyber_Pirates/Design/Level_Design/Cyber_Pirates/Cyber_Pirates_001/Saved/Collections/' was aborted.
[2016.10.13-03.28.56:640][550]LogModuleManager: Shutting down and abandoning module StatsViewer (225)
[2016.10.13-03.28.56:641][550]LogModuleManager: Shutting down and abandoning module FoliageEdit (224)
[2016.10.13-03.28.56:641][550]LogModuleManager: Shutting down and abandoning module LandscapeEditor (223)
[2016.10.13-03.28.56:642][550]LogModuleManager: Shutting down and abandoning module SceneDepthPickerMode (222)
[2016.10.13-03.28.56:642][550]LogModuleManager: Shutting down and abandoning module ActorPickerMode (221)
[2016.10.13-03.28.56:642][550]LogModuleManager: Shutting down and abandoning module GeometryMode (220)
[2016.10.13-03.28.56:642][550]LogModuleManager: Shutting down and abandoning module TextureAlignMode (219)
[2016.10.13-03.28.56:642][550]LogModuleManager: Shutting down and abandoning module BspMode (218)
[2016.10.13-03.28.56:642][550]LogModuleManager: Shutting down and abandoning module HardwareSurvey (217)
[2016.10.13-03.28.56:642][550]LogModuleManager: Shutting down and abandoning module SequenceRecorderSections (216)
[2016.10.13-03.28.56:642][550]LogModuleManager: Shutting down and abandoning module SequenceRecorder (215)
[2016.10.13-03.28.56:642][550]LogModuleManager: Shutting down and abandoning module AutomationWorker (214)
[2016.10.13-03.28.56:642][550]LogModuleManager: Shutting down and abandoning module MatineeToLevelSequence (213)
[2016.10.13-03.28.56:642][550]LogModuleManager: Shutting down and abandoning module PlacementMode (212)
[2016.10.13-03.28.56:643][550]LogModuleManager: Shutting down and abandoning module LevelSequenceEditor (211)
[2016.10.13-03.28.56:645][550]LogModuleManager: Shutting down and abandoning module WmfMediaFactory (210)
[2016.10.13-03.28.56:645][550]LogModuleManager: Shutting down and abandoning module WmfMediaEditor (209)
[2016.10.13-03.28.56:645][550]LogModuleManager: Shutting down and abandoning module AvfMediaFactory (208)
[2016.10.13-03.28.56:645][550]LogModuleManager: Shutting down and abandoning module AvfMediaEditor (207)
[2016.10.13-03.28.56:645][550]LogModuleManager: Shutting down and abandoning module Media (206)
[2016.10.13-03.28.56:645][550]LogModuleManager: Shutting down and abandoning module AndroidMediaFactory (205)
[2016.10.13-03.28.56:645][550]LogModuleManager: Shutting down and abandoning module AndroidMediaEditor (204)
[2016.10.13-03.28.56:645][550]LogModuleManager: Shutting down and abandoning module CharacterAI (203)
[2016.10.13-03.28.56:645][550]LogModuleManager: Shutting down and abandoning module SmartSnapping (202)
[2016.10.13-03.28.56:645][550]LogModuleManager: Shutting down and abandoning module SessionServices (201)
[2016.10.13-03.28.56:645][550]LogModuleManager: Shutting down and abandoning module ViewportSnapping (200)
[2016.10.13-03.28.56:645][550]LogModuleManager: Shutting down and abandoning module ViewportInteraction (199)
[2016.10.13-03.28.56:645][550]LogModuleManager: Shutting down and abandoning module LogVisualizer (198)
[2016.10.13-03.28.56:645][550]LogModuleManager: Shutting down and abandoning module GameProjectGeneration (197)
[2016.10.13-03.28.56:646][550]LogModuleManager: Shutting down and abandoning module IntroTutorials (196)
[2016.10.13-03.28.56:646][550]LogModuleManager: Shutting down and abandoning module EditorLiveStreaming (195)
[2016.10.13-03.28.56:646][550]LogModuleManager: Shutting down and abandoning module IOSPlatformEditor (194)
[2016.10.13-03.28.56:646][550]LogModuleManager: Shutting down and abandoning module HTML5PlatformEditor (193)
[2016.10.13-03.28.56:646][550]LogModuleManager: Shutting down and abandoning module AndroidDeviceDetection (192)
[2016.10.13-03.28.57:469][550]LogModuleManager: Shutting down and abandoning module AndroidPlatformEditor (191)
[2016.10.13-03.28.57:469][550]LogModuleManager: Shutting down and abandoning module IOSRuntimeSettings (190)
[2016.10.13-03.28.57:469][550]LogModuleManager: Shutting down and abandoning module AndroidRuntimeSettings (189)
[2016.10.13-03.28.57:469][550]LogModuleManager: Shutting down and abandoning module NiagaraEditor (188)
[2016.10.13-03.28.57:472][550]LogModuleManager: Shutting down and abandoning module MergeActors (187)
[2016.10.13-03.28.57:472][550]LogModuleManager: Shutting down and abandoning module SizeMap (186)
[2016.10.13-03.28.57:473][550]LogModuleManager: Shutting down and abandoning module TreeMap (185)
[2016.10.13-03.28.57:473][550]LogModuleManager: Shutting down and abandoning module ReferenceViewer (184)
[2016.10.13-03.28.57:473][550]LogModuleManager: Shutting down and abandoning module LocalizationService (183)
[2016.10.13-03.28.57:473][550]LogModuleManager: Shutting down and abandoning module LocalizationDashboard (182)
[2016.10.13-03.28.57:474][550]LogModuleManager: Shutting down and abandoning module HardwareTargeting (181)
[2016.10.13-03.28.57:474][550]LogModuleManager: Shutting down and abandoning module DeviceProfileEditor (180)
[2016.10.13-03.28.57:475][550]LogModuleManager: Shutting down and abandoning module UndoHistory (179)
[2016.10.13-03.28.57:475][550]LogModuleManager: Shutting down and abandoning module UserFeedback (178)
[2016.10.13-03.28.57:475][550]LogModuleManager: Shutting down and abandoning module XmlParser (177)
[2016.10.13-03.28.57:475][550]LogModuleManager: Shutting down and abandoning module Blutility (176)
[2016.10.13-03.28.57:475][550]LogModuleManager: Shutting down and abandoning module ProjectTargetPlatformEditor (175)
[2016.10.13-03.28.57:475][550]LogModuleManager: Shutting down and abandoning module ProjectSettingsViewer (174)
[2016.10.13-03.28.57:475][550]LogModuleManager: Shutting down and abandoning module InputBindingEditor (173)
[2016.10.13-03.28.57:476][550]LogModuleManager: Shutting down and abandoning module EditorSettingsViewer (172)
[2016.10.13-03.28.57:476][550]LogModuleManager: Shutting down and abandoning module SettingsEditor (171)
[2016.10.13-03.28.57:477][550]LogModuleManager: Shutting down and abandoning module ProjectLauncher (170)
[2016.10.13-03.28.57:478][550]LogModuleManager: Shutting down and abandoning module SessionFrontend (169)
[2016.10.13-03.28.57:479][550]LogModuleManager: Shutting down and abandoning module ProfilerClient (168)
[2016.10.13-03.28.57:480][550]LogModuleManager: Shutting down and abandoning module TargetDeviceServices (167)
[2016.10.13-03.28.57:480][550]LogModuleManager: Shutting down and abandoning module DeviceManager (166)
[2016.10.13-03.28.57:530][550]LogModuleManager: Shutting down and abandoning module AutomationController (165)
[2016.10.13-03.28.57:531][550]LogModuleManager: Shutting down and abandoning module AutomationWindow (164)
[2016.10.13-03.28.57:533][550]LogModuleManager: Shutting down and abandoning module Layers (163)
[2016.10.13-03.28.57:536][550]LogModuleManager: Shutting down and abandoning module ComponentVisualizers (162)
[2016.10.13-03.28.57:536][550]LogModuleManager: Shutting down and abandoning module DetailCustomizations (161)
[2016.10.13-03.28.57:536][550]LogModuleManager: Shutting down and abandoning module PackagesDialog (160)
[2016.10.13-03.28.57:536][550]LogModuleManager: Shutting down and abandoning module AnimGraph (159)
[2016.10.13-03.28.57:536][550]LogModuleManager: Shutting down and abandoning module Persona (158)
[2016.10.13-03.28.57:539][550]LogModuleManager: Shutting down and abandoning module Kismet (157)
[2016.10.13-03.28.57:540][550]LogModuleManager: Shutting down and abandoning module GraphEditor (156)
[2016.10.13-03.28.57:543][550]LogModuleManager: Shutting down and abandoning module ClassViewer (155)
[2016.10.13-03.28.57:543][550]LogModuleManager: Shutting down and abandoning module Toolbox (154)
[2016.10.13-03.28.57:544][550]LogModuleManager: Shutting down and abandoning module ModuleUI (153)
[2016.10.13-03.28.57:545][550]LogModuleManager: Shutting down and abandoning module MovieSceneTools (152)
[2016.10.13-03.28.57:545][550]LogModuleManager: Shutting down and abandoning module OutputLog (151)
[2016.10.13-03.28.57:545][550]LogModuleManager: Shutting down and abandoning module GammaUI (150)
[2016.10.13-03.28.57:545][550]LogModuleManager: Shutting down and abandoning module Documentation (149)
[2016.10.13-03.28.57:546][550]LogModuleManager: Shutting down and abandoning module Niagara (148)
[2016.10.13-03.28.57:546][550]LogModuleManager: Shutting down and abandoning module StreamingPauseRendering (147)
[2016.10.13-03.28.57:546][550]LogModuleManager: Shutting down and abandoning module AnalyticsET (146)
[2016.10.13-03.28.57:546][550]LogModuleManager: Shutting down and abandoning module PortalServices (145)
[2016.10.13-03.28.57:546][550]LogModuleManager: Shutting down and abandoning module PortalRpc (144)
[2016.10.13-03.28.57:546][550]LogModuleManager: Shutting down and abandoning module MessagingRpc (143)
[2016.10.13-03.28.57:546][550]LogModuleManager: Shutting down and abandoning module GameplayDebugger (142)
[2016.10.13-03.28.57:546][550]LogModuleManager: Shutting down and abandoning module AITestSuite (141)
[2016.10.13-03.28.57:546][550]LogModuleManager: Shutting down and abandoning module AIModule (140)
[2016.10.13-03.28.57:546][550]LogModuleManager: Shutting down and abandoning module ProfilerService (139)
[2016.10.13-03.28.57:555][550]LogModuleManager: Shutting down and abandoning module TaskGraph (138)
[2016.10.13-03.28.57:555][550]LogModuleManager: Shutting down and abandoning module SlateRemote (137)
[2016.10.13-03.28.57:556][550]LogModuleManager: Shutting down and abandoning module SteamVRController (136)
[2016.10.13-03.28.57:556][550]LogModuleManager: Shutting down and abandoning module SteamVR (135)
[2016.10.13-03.28.57:556][550]LogModuleManager: Shutting down and abandoning module ProceduralMeshComponentEditor (134)
[2016.10.13-03.28.57:556][550]LogModuleManager: Shutting down and abandoning module ProceduralMeshComponent (133)
[2016.10.13-03.28.57:556][550]LogModuleManager: Shutting down and abandoning module OculusLibrary (132)
[2016.10.13-03.28.57:556][550]LogModuleManager: Shutting down and abandoning module OculusInput (131)
[2016.10.13-03.28.57:556][550]LogModuleManager: Shutting down and abandoning module CustomMeshComponent (130)
[2016.10.13-03.28.57:556][550]LogModuleManager: Shutting down and abandoning module CableComponent (129)
[2016.10.13-03.28.57:556][550]LogModuleManager: Shutting down and abandoning module ArchVisCharacter (128)
[2016.10.13-03.28.57:556][550]LogModuleManager: Shutting down and abandoning module MediaPlayerEditor (126)
[2016.10.13-03.28.57:558][550]LogModuleManager: Shutting down and abandoning module HTML5Networking (125)
[2016.10.13-03.28.57:558][550]LogModuleManager: Shutting down and abandoning module GeometryCacheEd (124)
[2016.10.13-03.28.57:558][550]LogModuleManager: Shutting down and abandoning module GeometryCache (123)
[2016.10.13-03.28.57:558][550]LogModuleManager: Shutting down and abandoning module AlembicLibrary (122)
[2016.10.13-03.28.57:558][550]LogModuleManager: Shutting down and abandoning module AlembicImporter (121)
[2016.10.13-03.28.57:559][550]LogModuleManager: Shutting down and abandoning module SuperSearch (120)
[2016.10.13-03.28.57:559][550]LogModuleManager: Shutting down and abandoning module SuperSearchEditor (119)
[2016.10.13-03.28.57:559][550]LogModuleManager: Shutting down and abandoning module SpeedTreeImporter (118)
[2016.10.13-03.28.57:559][550]LogModuleManager: Shutting down and abandoning module PluginBrowser (117)
[2016.10.13-03.28.57:559][550]LogModuleManager: Shutting down and abandoning module MobileLauncherProfileWizard (116)
[2016.10.13-03.28.57:560][550]LogModuleManager: Shutting down and abandoning module EpicSurvey (115)
[2016.10.13-03.28.57:560][550]LogModuleManager: Shutting down and abandoning module DesktopPlatform (114)
[2016.10.13-03.28.57:560][550]LogModuleManager: Shutting down and abandoning module VisualStudioSourceCodeAccess (113)
[2016.10.13-03.28.57:560][550]LogModuleManager: Shutting down and abandoning module UObjectPlugin (112)
[2016.10.13-03.28.57:560][550]LogModuleManager: Shutting down and abandoning module SubversionSourceControl (111)
[2016.10.13-03.28.57:560][550]LogModuleManager: Shutting down and abandoning module PerforceSourceControl (110)
[2016.10.13-03.28.57:560][550]LogModuleManager: Shutting down and abandoning module SourceControl (109)
[2016.10.13-03.28.57:561][550]LogModuleManager: Shutting down and abandoning module GitSourceControl (108)
[2016.10.13-03.28.57:561][550]LogModuleManager: Shutting down and abandoning module LightPropagationVolumeEditor (107)
[2016.10.13-03.28.57:561][550]LogModuleManager: Shutting down and abandoning module PaperTiledImporter (106)
[2016.10.13-03.28.57:561][550]LogModuleManager: Shutting down and abandoning module PaperSpriteSheetImporter (105)
[2016.10.13-03.28.57:561][550]LogModuleManager: Shutting down and abandoning module MeshPaint (104)
[2016.10.13-03.28.57:561][550]LogModuleManager: Shutting down and abandoning module FbxAutomationBuilderModule (103)
[2016.10.13-03.28.57:562][550]LogModuleManager: Shutting down and abandoning module PixelInspectorModule (102)
[2016.10.13-03.28.57:562][550]LogModuleManager: Shutting down and abandoning module HotReload (101)
[2016.10.13-03.28.57:563][550]LogModuleManager: Shutting down and abandoning module MainFrame (100)
[2016.10.13-03.28.57:563][550]LogModuleManager: Shutting down and abandoning module LevelEditor (99)
[2016.10.13-03.28.57:565][550]LogModuleManager: Shutting down and abandoning module ContentBrowser (98)
[2016.10.13-03.28.57:566][550]LogModuleManager: Shutting down and abandoning module Paper2DEditor (97)
[2016.10.13-03.28.57:567][550]LogModuleManager: Shutting down and abandoning module UdpMessaging (96)
[2016.10.13-03.28.57:667][550]LogModuleManager: Shutting down and abandoning module TcpMessaging (95)
[2016.10.13-03.28.57:667][550]LogModuleManager: Shutting down and abandoning module LightPropagationVolumeRuntime (94)
[2016.10.13-03.28.57:667][550]LogModuleManager: Shutting down and abandoning module Paper2D (93)
[2016.10.13-03.28.57:667][550]LogModuleManager: Shutting down and abandoning module WindowsMoviePlayer (92)
[2016.10.13-03.28.57:669][550]LogModuleManager: Shutting down and abandoning module WmfMedia (91)
[2016.10.13-03.28.57:671][550]LogModuleManager: Shutting down and abandoning module MediaAssets (90)
[2016.10.13-03.28.57:671][550]LogModuleManager: Shutting down and abandoning module GameLiveStreaming (89)
[2016.10.13-03.28.57:671][550]LogModuleManager: Shutting down and abandoning module GameplayTagsEditor (88)
[2016.10.13-03.28.57:671][550]LogModuleManager: Shutting down and abandoning module VREditor (87)
[2016.10.13-03.28.57:671][550]LogModuleManager: Shutting down and abandoning module GameplayTasksEditor (86)
[2016.10.13-03.28.57:671][550]LogModuleManager: Shutting down and abandoning module PropertyEditor (85)
[2016.10.13-03.28.57:671][550]LogModuleManager: Shutting down and abandoning module BehaviorTreeEditor (84)
[2016.10.13-03.28.57:673][550]LogModuleManager: Shutting down and abandoning module FunctionalTesting (83)
[2016.10.13-03.28.57:673][550]LogModuleManager: Shutting down and abandoning module CollisionAnalyzer (82)
[2016.10.13-03.28.57:673][550]LogModuleManager: Shutting down and abandoning module Sequencer (81)
[2016.10.13-03.28.57:675][550]LogModuleManager: Shutting down and abandoning module WorkspaceMenuStructure (80)
[2016.10.13-03.28.57:675][550]LogModuleManager: Shutting down and abandoning module MessageLog (79)
[2016.10.13-03.28.57:675][550]LogModuleManager: Shutting down and abandoning module AssetTools (78)
[2016.10.13-03.28.57:676][550]LogModuleManager: Shutting down and abandoning module UMGEditor (77)
[2016.10.13-03.28.57:678][550]LogModuleManager: Shutting down and abandoning module UMG (76)
[2016.10.13-03.28.57:679][550]LogModuleManager: Shutting down and abandoning module SlateReflector (75)
[2016.10.13-03.28.57:680][550]LogModuleManager: Shutting down and abandoning module Slate (74)
[2016.10.13-03.28.57:680][550]LogModuleManager: Shutting down and abandoning module EditorStyle (73)
[2016.10.13-03.28.57:685][550]LogModuleManager: Shutting down and abandoning module SourceCodeAccess (72)
[2016.10.13-03.28.57:685][550]LogModuleManager: Shutting down and abandoning module HeadMountedDisplay (71)
[2016.10.13-03.28.57:685][550]LogModuleManager: Shutting down and abandoning module XAudio2 (70)
[2016.10.13-03.28.57:685][550]LogModuleManager: Shutting down and abandoning module Networking (68)
[2016.10.13-03.28.57:685][550]LogModuleManager: Shutting down and abandoning module Core (67)
[2016.10.13-03.28.57:685][550]LogModuleManager: Shutting down and abandoning module DirectoryWatcher (66)
[2016.10.13-03.28.57:685][550]LogDirectoryWatcher: A directory notification for '../../../Engine/Content/' was aborted.
[2016.10.13-03.28.57:685][550]LogDirectoryWatcher: A directory notification for 'F:/Ai/Adv Game Prototyping/Cyber_Pirates/Design/Level_Design/Cyber_Pirates/Cyber_Pirates_001/Content/' was aborted.
[2016.10.13-03.28.57:685][550]LogDirectoryWatcher: A directory notification for '../../../Engine/Plugins/2D/Paper2D/Content/' was aborted.
[2016.10.13-03.28.57:686][550]LogModuleManager: Shutting down and abandoning module AssetRegistry (65)
[2016.10.13-03.28.58:635][550]LogModuleManager: Shutting down and abandoning module KismetCompiler (64)
[2016.10.13-03.28.58:635][550]LogModuleManager: Shutting down and abandoning module PhysXFormats (63)
[2016.10.13-03.28.58:635][550]LogModuleManager: Shutting down and abandoning module MeshUtilities (62)
[2016.10.13-03.28.58:636][550]LogModuleManager: Shutting down and abandoning module DerivedDataCache (61)
[2016.10.13-03.28.58:703][550]LogDerivedDataCache: Shutdown
[2016.10.13-03.28.58:703][550]LogModuleManager: Shutting down and abandoning module VulkanShaderFormat (60)
[2016.10.13-03.28.58:703][550]LogModuleManager: Shutting down and abandoning module ShaderFormatOpenGL (59)
[2016.10.13-03.28.58:706][550]LogModuleManager: Shutting down and abandoning module ShaderFormatD3D (58)
[2016.10.13-03.28.58:706][550]LogModuleManager: Shutting down and abandoning module MetalShaderFormat (57)
[2016.10.13-03.28.58:708][550]LogModuleManager: Shutting down and abandoning module TextureFormatUncompressed (56)
[2016.10.13-03.28.58:708][550]LogModuleManager: Shutting down and abandoning module TextureFormatPVR (55)
[2016.10.13-03.28.58:708][550]LogModuleManager: Shutting down and abandoning module TextureFormatDXT (54)
[2016.10.13-03.28.58:708][550]LogModuleManager: Shutting down and abandoning module TextureFormatIntelISPCTexComp (53)
[2016.10.13-03.28.58:708][550]LogModuleManager: Shutting down and abandoning module ImageWrapper (52)
[2016.10.13-03.28.58:708][550]LogModuleManager: Shutting down and abandoning module TextureFormatASTC (51)
[2016.10.13-03.28.58:708][550]LogModuleManager: Shutting down and abandoning module TextureFormatAndroid (50)
[2016.10.13-03.28.58:708][550]LogModuleManager: Shutting down and abandoning module AudioFormatOpus (49)
[2016.10.13-03.28.58:708][550]LogModuleManager: Shutting down and abandoning module AudioFormatOgg (48)
[2016.10.13-03.28.58:708][550]LogModuleManager: Shutting down and abandoning module AudioFormatADPCM (47)
[2016.10.13-03.28.58:708][550]LogModuleManager: Shutting down and abandoning module LinuxTargetPlatform (46)
[2016.10.13-03.28.58:708][550]LogModuleManager: Shutting down and abandoning module LinuxServerTargetPlatform (45)
[2016.10.13-03.28.58:708][550]LogModuleManager: Shutting down and abandoning module LinuxNoEditorTargetPlatform (44)
[2016.10.13-03.28.58:708][550]LogModuleManager: Shutting down and abandoning module LinuxClientTargetPlatform (43)
[2016.10.13-03.28.58:708][550]LogModuleManager: Shutting down and abandoning module TVOSTargetPlatform (42)
[2016.10.13-03.28.58:708][550]LogModuleManager: Shutting down and abandoning module Messaging (41)
[2016.10.13-03.28.58:708][550]LogModuleManager: Shutting down and abandoning module IOSTargetPlatform (40)
[2016.10.13-03.28.58:708][550]LogModuleManager: Shutting down and abandoning module HTML5TargetPlatform (39)
[2016.10.13-03.28.58:708][550]LogModuleManager: Shutting down and abandoning module Android_PVRTCTargetPlatform (38)
[2016.10.13-03.28.58:709][550]LogModuleManager: Shutting down and abandoning module Android_MultiTargetPlatform (37)
[2016.10.13-03.28.58:709][550]LogModuleManager: Shutting down and abandoning module Android_ETC2TargetPlatform (36)
[2016.10.13-03.28.58:709][550]LogModuleManager: Shutting down and abandoning module Android_ETC1TargetPlatform (35)
[2016.10.13-03.28.58:709][550]LogModuleManager: Shutting down and abandoning module Android_DXTTargetPlatform (34)
[2016.10.13-03.28.58:709][550]LogModuleManager: Shutting down and abandoning module Android_ATCTargetPlatform (33)
[2016.10.13-03.28.58:709][550]LogModuleManager: Shutting down and abandoning module Android_ASTCTargetPlatform (32)
[2016.10.13-03.28.58:709][550]LogModuleManager: Shutting down and abandoning module AndroidTargetPlatform (31)
[2016.10.13-03.28.58:709][550]LogModuleManager: Shutting down and abandoning module WindowsTargetPlatform (30)
[2016.10.13-03.28.58:709][550]LogModuleManager: Shutting down and abandoning module WindowsServerTargetPlatform (29)
[2016.10.13-03.28.58:709][550]LogModuleManager: Shutting down and abandoning module WindowsNoEditorTargetPlatform (28)
[2016.10.13-03.28.58:709][550]LogModuleManager: Shutting down and abandoning module WindowsClientTargetPlatform (27)
[2016.10.13-03.28.58:709][550]LogModuleManager: Shutting down and abandoning module AllDesktopTargetPlatform (26)
[2016.10.13-03.28.58:709][550]LogModuleManager: Shutting down and abandoning module TargetPlatform (25)
[2016.10.13-03.28.58:709][550]LogModuleManager: Shutting down and abandoning module InputCore (24)
[2016.10.13-03.28.58:709][550]LogModuleManager: Shutting down and abandoning module Settings (23)
[2016.10.13-03.28.58:709][550]LogModuleManager: Shutting down and abandoning module OculusRift (22)
[2016.10.13-03.28.58:709][550]LogModuleManager: Shutting down and abandoning module GearVR (21)
[2016.10.13-03.28.58:709][550]LogModuleManager: Shutting down and abandoning module ExampleDeviceProfileSelector (20)
[2016.10.13-03.28.58:709][550]LogModuleManager: Shutting down and abandoning module OnlineBlueprintSupport (19)
[2016.10.13-03.28.58:709][550]LogModuleManager: Shutting down and abandoning module OnlineSubsystem (17)
[2016.10.13-03.28.58:709][550]LogOnline:Display: Unloading online subsystem: NULL
[2016.10.13-03.28.58:711][550]LogModuleManager: Shutting down and abandoning module HTTP (16)
[2016.10.13-03.28.58:711][550]LogHttp:Display: Http module shutting down, but needs to wait on 1 outstanding Http requests:
[2016.10.13-03.28.58:711][550]LogHttp:Display: 	verb=[POST] url=[https://datarouter.ol.epicgames.com/datarouter/api/v1/public/data?SessionID=%7BEBE05CB2-46D7-EE72-7735-B3B2D236FD37%7D&AppID=UEEditor.Rocket.Release&AppVersion=%2B%2BUE4%2BRelease-4.13-CL-3106830&UserID=afda09d34efa9abd1495a49dff8bedf6%7C3173e932fc4946429d69409567dced0f%7C1bb07904-b504-4a96-8885-cb56301ccafe&AppEnvironment=datacollector-binary&UploadType=eteventstream] status=Processing
[2016.10.13-03.28.58:719][550]LogModuleManager: Shutting down and abandoning module XMPP (15)
[2016.10.13-03.28.58:721][550]LogModuleManager: Shutting down and abandoning module TextureCompressor (14)
[2016.10.13-03.28.58:721][550]LogModuleManager: Shutting down and abandoning module ShaderCore (13)
[2016.10.13-03.28.58:721][550]LogModuleManager: Shutting down and abandoning module Landscape (12)
[2016.10.13-03.28.58:721][550]LogModuleManager: Shutting down and abandoning module SlateRHIRenderer (11)
[2016.10.13-03.28.58:724][550]LogModuleManager: Shutting down and abandoning module OpenGLDrv (10)
[2016.10.13-03.28.58:725][550]LogModuleManager: Shutting down and abandoning module D3D11RHI (9)
[2016.10.13-03.28.58:725][550]LogModuleManager: Shutting down and abandoning module AnimGraphRuntime (8)
[2016.10.13-03.28.58:726][550]LogModuleManager: Shutting down and abandoning module Renderer (7)
[2016.10.13-03.28.58:726][550]LogModuleManager: Shutting down and abandoning module Engine (6)
[2016.10.13-03.28.58:726][550]LogModuleManager: Shutting down and abandoning module CoreUObject (5)
[2016.10.13-03.28.58:726][550]LogModuleManager: Shutting down and abandoning module NetworkFile (4)
[2016.10.13-03.28.58:726][550]LogModuleManager: Shutting down and abandoning module StreamingFile (3)
[2016.10.13-03.28.58:726][550]LogModuleManager: Shutting down and abandoning module SandboxFile (2)
[2016.10.13-03.28.58:726][550]LogModuleManager: Shutting down and abandoning module PakFile (1)
[2016.10.13-03.28.58:731][550]LogExit: Exiting.
[2016.10.13-03.28.58:754][550]Log file closed, 10/12/16 20:28:58
