Log file open, 10/12/16 20:49:04
LogInit:Display: Running engine for game: Cyber_Pirates_001
LogPlatformFile: Not using cached read wrapper
LogInit:Display: RandInit(1755231937) SRandInit(1755231937).
LogTaskGraph: Started task graph with 5 named threads and 12 total threads with 1 sets of task threads.
LogStats: Stats thread started at 0.143481
LogPluginManager: Loaded Plugin Paper2D, From C:/Program Files (x86)/Epic Games/4.13/Engine/Plugins/2D/Paper2D/Paper2D.uplugin
LogPluginManager: Loaded Plugin LightPropagationVolume, From C:/Program Files (x86)/Epic Games/4.13/Engine/Plugins/Blendables/LightPropagationVolume/LightPropagationVolume.uplugin
LogPluginManager: Loaded Plugin BlankPlugin, From C:/Program Files (x86)/Epic Games/4.13/Engine/Plugins/Developer/BlankPlugin/BlankPlugin.uplugin
LogPluginManager: Loaded Plugin CodeLiteSourceCodeAccess, From C:/Program Files (x86)/Epic Games/4.13/Engine/Plugins/Developer/CodeLiteSourceCodeAccess/CodeLiteSourceCodeAccess.uplugin
LogPluginManager: Loaded Plugin GitSourceControl, From C:/Program Files (x86)/Epic Games/4.13/Engine/Plugins/Developer/GitSourceControl/GitSourceControl.uplugin
LogPluginManager: Loaded Plugin KDevelopSourceCodeAccess, From C:/Program Files (x86)/Epic Games/4.13/Engine/Plugins/Developer/KDevelopSourceCodeAccess/KDevelopSourceCodeAccess.uplugin
LogPluginManager: Loaded Plugin NullSourceCodeAccess, From C:/Program Files (x86)/Epic Games/4.13/Engine/Plugins/Developer/NullSourceCodeAccess/NullSourceCodeAccess.uplugin
LogPluginManager: Loaded Plugin OneSkyLocalizationService, From C:/Program Files (x86)/Epic Games/4.13/Engine/Plugins/Developer/OneSkyLocalizationService/OneSkyLocalizationService.uplugin
LogPluginManager: Loaded Plugin PerforceSourceControl, From C:/Program Files (x86)/Epic Games/4.13/Engine/Plugins/Developer/PerforceSourceControl/PerforceSourceControl.uplugin
LogPluginManager: Loaded Plugin SubversionSourceControl, From C:/Program Files (x86)/Epic Games/4.13/Engine/Plugins/Developer/SubversionSourceControl/SubversionSourceControl.uplugin
LogPluginManager: Loaded Plugin UObjectPlugin, From C:/Program Files (x86)/Epic Games/4.13/Engine/Plugins/Developer/UObjectPlugin/UObjectPlugin.uplugin
LogPluginManager: Loaded Plugin VisualStudioSourceCodeAccess, From C:/Program Files (x86)/Epic Games/4.13/Engine/Plugins/Developer/VisualStudioSourceCodeAccess/VisualStudioSourceCodeAccess.uplugin
LogPluginManager: Loaded Plugin XCodeSourceCodeAccess, From C:/Program Files (x86)/Epic Games/4.13/Engine/Plugins/Developer/XCodeSourceCodeAccess/XCodeSourceCodeAccess.uplugin
LogPluginManager: Loaded Plugin EpicSurvey, From C:/Program Files (x86)/Epic Games/4.13/Engine/Plugins/Editor/EpicSurvey/EpicSurvey.uplugin
LogPluginManager: Loaded Plugin MacGraphicsSwitching, From C:/Program Files (x86)/Epic Games/4.13/Engine/Plugins/Editor/MacGraphicsSwitching/MacGraphicsSwitching.uplugin
LogPluginManager: Loaded Plugin MobileLauncherProfileWizard, From C:/Program Files (x86)/Epic Games/4.13/Engine/Plugins/Editor/MobileLauncherProfileWizard/MobileLauncherProfileWizard.uplugin
LogPluginManager: Loaded Plugin PluginBrowser, From C:/Program Files (x86)/Epic Games/4.13/Engine/Plugins/Editor/PluginBrowser/PluginBrowser.uplugin
LogPluginManager: Loaded Plugin SpeedTreeImporter, From C:/Program Files (x86)/Epic Games/4.13/Engine/Plugins/Editor/SpeedTreeImporter/SpeedTreeImporter.uplugin
LogPluginManager: Loaded Plugin SuperSearchEditor, From C:/Program Files (x86)/Epic Games/4.13/Engine/Plugins/Editor/SuperSearchEditor/SuperSearchEditor.uplugin
LogPluginManager: Loaded Plugin AlembicImporter, From C:/Program Files (x86)/Epic Games/4.13/Engine/Plugins/Experimental/AlembicImporter/AlembicImporter.uplugin
LogPluginManager: Loaded Plugin BlueprintStats, From C:/Program Files (x86)/Epic Games/4.13/Engine/Plugins/Experimental/BlueprintStats/BlueprintStats.uplugin
LogPluginManager: Loaded Plugin CharacterAI, From C:/Program Files (x86)/Epic Games/4.13/Engine/Plugins/Experimental/CharacterAI/CharacterAI.uplugin
LogPluginManager: Loaded Plugin CodeEditor, From C:/Program Files (x86)/Epic Games/4.13/Engine/Plugins/Experimental/CodeEditor/CodeEditor.uplugin
LogPluginManager: Loaded Plugin CodeView, From C:/Program Files (x86)/Epic Games/4.13/Engine/Plugins/Experimental/CodeView/CodeView.uplugin
LogPluginManager: Loaded Plugin HTML5Networking, From C:/Program Files (x86)/Epic Games/4.13/Engine/Plugins/Experimental/HTML5Networking/HTML5Networking.uplugin
LogPluginManager: Loaded Plugin LiveEditor, From C:/Program Files (x86)/Epic Games/4.13/Engine/Plugins/Experimental/LiveEditor/LiveEditor.uplugin
LogPluginManager: Loaded Plugin OSVR, From C:/Program Files (x86)/Epic Games/4.13/Engine/Plugins/Experimental/OSVR/OSVR.uplugin
LogPluginManager: Loaded Plugin Phya, From C:/Program Files (x86)/Epic Games/4.13/Engine/Plugins/Experimental/Phya/Phya.uplugin
LogPluginManager: Loaded Plugin SignificanceManager, From C:/Program Files (x86)/Epic Games/4.13/Engine/Plugins/Experimental/SignificanceManager/SignificanceManager.uplugin
LogPluginManager: Loaded Plugin SimpleHMD, From C:/Program Files (x86)/Epic Games/4.13/Engine/Plugins/Experimental/SimpleHMD/SimpleHMD.uplugin
LogPluginManager: Loaded Plugin StereoPanorama, From C:/Program Files (x86)/Epic Games/4.13/Engine/Plugins/Experimental/StereoPanorama/StereoPanorama.uplugin
LogPluginManager: Loaded Plugin StructBox, From C:/Program Files (x86)/Epic Games/4.13/Engine/Plugins/Experimental/StructBox/StructBox.uplugin
LogPluginManager: Loaded Plugin AndroidMedia, From C:/Program Files (x86)/Epic Games/4.13/Engine/Plugins/Media/AndroidMedia/AndroidMedia.uplugin
LogPluginManager: Loaded Plugin AvfMedia, From C:/Program Files (x86)/Epic Games/4.13/Engine/Plugins/Media/AvfMedia/AvfMedia.uplugin
LogPluginManager: Loaded Plugin MediaPlayerEditor, From C:/Program Files (x86)/Epic Games/4.13/Engine/Plugins/Media/MediaPlayerEditor/MediaPlayerEditor.uplugin
LogPluginManager: Loaded Plugin WmfMedia, From C:/Program Files (x86)/Epic Games/4.13/Engine/Plugins/Media/WmfMedia/WmfMedia.uplugin
LogPluginManager: Loaded Plugin MessagingDebugger, From C:/Program Files (x86)/Epic Games/4.13/Engine/Plugins/Messaging/MessagingDebugger/MessagingDebugger.uplugin
LogPluginManager: Loaded Plugin TcpMessaging, From C:/Program Files (x86)/Epic Games/4.13/Engine/Plugins/Messaging/TcpMessaging/TcpMessaging.uplugin
LogPluginManager: Loaded Plugin UdpMessaging, From C:/Program Files (x86)/Epic Games/4.13/Engine/Plugins/Messaging/UdpMessaging/UdpMessaging.uplugin
LogPluginManager: Loaded Plugin LevelSequenceEditor, From C:/Program Files (x86)/Epic Games/4.13/Engine/Plugins/MovieScene/LevelSequenceEditor/LevelSequenceEditor.uplugin
LogPluginManager: Loaded Plugin MatineeToLevelSequence, From C:/Program Files (x86)/Epic Games/4.13/Engine/Plugins/MovieScene/MatineeToLevelSequence/MatineeToLevelSequence.uplugin
LogPluginManager: Loaded Plugin NetcodeUnitTest, From C:/Program Files (x86)/Epic Games/4.13/Engine/Plugins/NetcodeUnitTest/NetcodeUnitTest/NetcodeUnitTest.uplugin
LogPluginManager: Loaded Plugin NUTUnrealEngine4, From C:/Program Files (x86)/Epic Games/4.13/Engine/Plugins/NetcodeUnitTest/NUTUnrealEngine4/NUTUnrealEngine4.uplugin
LogPluginManager: Loaded Plugin OnlineSubsystemGooglePlay, From C:/Program Files (x86)/Epic Games/4.13/Engine/Plugins/Online/Android/OnlineSubsystemGooglePlay/OnlineSubsystemGooglePlay.uplugin
LogPluginManager: Loaded Plugin OnlineSubsystemIOS, From C:/Program Files (x86)/Epic Games/4.13/Engine/Plugins/Online/IOS/OnlineSubsystemIOS/OnlineSubsystemIOS.uplugin
LogPluginManager: Loaded Plugin OnlineFramework, From C:/Program Files (x86)/Epic Games/4.13/Engine/Plugins/Online/OnlineFramework/OnlineFramework.uplugin
LogPluginManager: Loaded Plugin OnlineSubsystem, From C:/Program Files (x86)/Epic Games/4.13/Engine/Plugins/Online/OnlineSubsystem/OnlineSubsystem.uplugin
LogPluginManager: Loaded Plugin OnlineSubsystemAmazon, From C:/Program Files (x86)/Epic Games/4.13/Engine/Plugins/Online/OnlineSubsystemAmazon/OnlineSubsystemAmazon.uplugin
LogPluginManager: Loaded Plugin OnlineSubsystemFacebook, From C:/Program Files (x86)/Epic Games/4.13/Engine/Plugins/Online/OnlineSubsystemFacebook/OnlineSubsystemFacebook.uplugin
LogPluginManager: Loaded Plugin OnlineSubsystemNull, From C:/Program Files (x86)/Epic Games/4.13/Engine/Plugins/Online/OnlineSubsystemNull/OnlineSubsystemNull.uplugin
LogPluginManager: Loaded Plugin OnlineSubsystemOculus, From C:/Program Files (x86)/Epic Games/4.13/Engine/Plugins/Online/OnlineSubsystemOculus/OnlineSubsystemOculus.uplugin
LogPluginManager: Loaded Plugin OnlineSubsystemSteam, From C:/Program Files (x86)/Epic Games/4.13/Engine/Plugins/Online/OnlineSubsystemSteam/OnlineSubsystemSteam.uplugin
LogPluginManager: Loaded Plugin OnlineSubsystemUtils, From C:/Program Files (x86)/Epic Games/4.13/Engine/Plugins/Online/OnlineSubsystemUtils/OnlineSubsystemUtils.uplugin
LogPluginManager: Loaded Plugin IOSTapJoy, From C:/Program Files (x86)/Epic Games/4.13/Engine/Plugins/Runtime/Advertising/IOSTapJoy/IOSTapJoy.uplugin
LogPluginManager: Loaded Plugin AnalyticsBlueprintLibrary, From C:/Program Files (x86)/Epic Games/4.13/Engine/Plugins/Runtime/Analytics/AnalyticsBlueprintLibrary/AnalyticsBlueprintLibrary.uplugin
LogPluginManager: Loaded Plugin AnalyticsMulticast, From C:/Program Files (x86)/Epic Games/4.13/Engine/Plugins/Runtime/Analytics/AnalyticsMulticast/AnalyticsMulticast.uplugin
LogPluginManager: Loaded Plugin Apsalar, From C:/Program Files (x86)/Epic Games/4.13/Engine/Plugins/Runtime/Analytics/Apsalar/Apsalar.uplugin
LogPluginManager: Loaded Plugin FileLogging, From C:/Program Files (x86)/Epic Games/4.13/Engine/Plugins/Runtime/Analytics/FileLogging/FileLogging.uplugin
LogPluginManager: Loaded Plugin Flurry, From C:/Program Files (x86)/Epic Games/4.13/Engine/Plugins/Runtime/Analytics/Flurry/Flurry.uplugin
LogPluginManager: Loaded Plugin AndroidDeviceProfileSelector, From C:/Program Files (x86)/Epic Games/4.13/Engine/Plugins/Runtime/AndroidDeviceProfileSelector/AndroidDeviceProfileSelector.uplugin
LogPluginManager: Loaded Plugin AndroidMoviePlayer, From C:/Program Files (x86)/Epic Games/4.13/Engine/Plugins/Runtime/AndroidMoviePlayer/AndroidMoviePlayer.uplugin
LogPluginManager: Loaded Plugin AppleMoviePlayer, From C:/Program Files (x86)/Epic Games/4.13/Engine/Plugins/Runtime/AppleMoviePlayer/AppleMoviePlayer.uplugin
LogPluginManager: Loaded Plugin ArchVisCharacter, From C:/Program Files (x86)/Epic Games/4.13/Engine/Plugins/Runtime/ArchVisCharacter/ArchVisCharacter.uplugin
LogPluginManager: Loaded Plugin CableComponent, From C:/Program Files (x86)/Epic Games/4.13/Engine/Plugins/Runtime/CableComponent/CableComponent.uplugin
LogPluginManager: Loaded Plugin CustomMeshComponent, From C:/Program Files (x86)/Epic Games/4.13/Engine/Plugins/Runtime/CustomMeshComponent/CustomMeshComponent.uplugin
LogPluginManager: Loaded Plugin ExampleDeviceProfileSelector, From C:/Program Files (x86)/Epic Games/4.13/Engine/Plugins/Runtime/ExampleDeviceProfileSelector/ExampleDeviceProfileSelector.uplugin
LogPluginManager: Loaded Plugin GearVR, From C:/Program Files (x86)/Epic Games/4.13/Engine/Plugins/Runtime/GearVR/GearVR.uplugin
LogPluginManager: Loaded Plugin GoogleVRController, From C:/Program Files (x86)/Epic Games/4.13/Engine/Plugins/Runtime/GoogleVR/GoogleVRController/GoogleVRController.uplugin
LogPluginManager: Loaded Plugin GoogleVRHMD, From C:/Program Files (x86)/Epic Games/4.13/Engine/Plugins/Runtime/GoogleVR/GoogleVRHMD/GoogleVRHMD.uplugin
LogPluginManager: Loaded Plugin IOSDeviceProfileSelector, From C:/Program Files (x86)/Epic Games/4.13/Engine/Plugins/Runtime/IOSDeviceProfileSelector/IOSDeviceProfileSelector.uplugin
LogPluginManager: Loaded Plugin LeapMotion, From C:/Program Files (x86)/Epic Games/4.13/Engine/Plugins/Runtime/LeapMotion/LeapMotion.uplugin
LogPluginManager: Loaded Plugin LinuxDeviceProfileSelector, From C:/Program Files (x86)/Epic Games/4.13/Engine/Plugins/Runtime/LinuxDeviceProfileSelector/LinuxDeviceProfileSelector.uplugin
LogPluginManager: Loaded Plugin LiveEditorListenServer, From C:/Program Files (x86)/Epic Games/4.13/Engine/Plugins/Runtime/LiveEditorListenServer/LiveEditorListenServer.uplugin
LogPluginManager: Loaded Plugin OculusAudio, From C:/Program Files (x86)/Epic Games/4.13/Engine/Plugins/Runtime/OculusAudio/OculusAudio.uplugin
LogPluginManager: Loaded Plugin OculusInput, From C:/Program Files (x86)/Epic Games/4.13/Engine/Plugins/Runtime/OculusInput/OculusInput.uplugin
LogPluginManager: Loaded Plugin OculusLibrary, From C:/Program Files (x86)/Epic Games/4.13/Engine/Plugins/Runtime/OculusLibrary/OculusLibrary.uplugin
LogPluginManager: Loaded Plugin OculusRift, From C:/Program Files (x86)/Epic Games/4.13/Engine/Plugins/Runtime/OculusRift/OculusRift.uplugin
LogPluginManager: Loaded Plugin Oodle, From C:/Program Files (x86)/Epic Games/4.13/Engine/Plugins/Runtime/PacketHandlers/CompressionComponents/Oodle/Oodle.uplugin
LogPluginManager: Loaded Plugin ProceduralMeshComponent, From C:/Program Files (x86)/Epic Games/4.13/Engine/Plugins/Runtime/ProceduralMeshComponent/ProceduralMeshComponent.uplugin
LogPluginManager: Loaded Plugin SoundMod, From C:/Program Files (x86)/Epic Games/4.13/Engine/Plugins/Runtime/SoundMod/SoundMod.uplugin
LogPluginManager: Loaded Plugin SoundVisualizations, From C:/Program Files (x86)/Epic Games/4.13/Engine/Plugins/Runtime/SoundVisualizations/SoundVisualizations.uplugin
LogPluginManager: Loaded Plugin SteamController, From C:/Program Files (x86)/Epic Games/4.13/Engine/Plugins/Runtime/Steam/SteamController/SteamController.uplugin
LogPluginManager: Loaded Plugin SteamVR, From C:/Program Files (x86)/Epic Games/4.13/Engine/Plugins/Runtime/Steam/SteamVR/SteamVR.uplugin
LogPluginManager: Loaded Plugin WebBrowserWidget, From C:/Program Files (x86)/Epic Games/4.13/Engine/Plugins/Runtime/WebBrowserWidget/WebBrowserWidget.uplugin
LogPluginManager: Loaded Plugin WindowsDeviceProfileSelector, From C:/Program Files (x86)/Epic Games/4.13/Engine/Plugins/Runtime/WindowsDeviceProfileSelector/WindowsDeviceProfileSelector.uplugin
LogPluginManager: Loaded Plugin WindowsMoviePlayer, From C:/Program Files (x86)/Epic Games/4.13/Engine/Plugins/Runtime/WindowsMoviePlayer/WindowsMoviePlayer.uplugin
LogPluginManager: Loaded Plugin ScriptPlugin, From C:/Program Files (x86)/Epic Games/4.13/Engine/Plugins/ScriptPlugin/ScriptPlugin.uplugin
LogPluginManager: Loaded Plugin SlateRemote, From C:/Program Files (x86)/Epic Games/4.13/Engine/Plugins/Slate/SlateRemote/SlateRemote.uplugin
LogInit: Using libcurl 7.47.1
LogInit:  - built for x86_64-pc-win32
LogInit:  - supports SSL with WinSSL
LogInit:  - other features:
LogInit:      CURL_VERSION_SSL
LogInit:      CURL_VERSION_IPV6
LogInit:      CURL_VERSION_ASYNCHDNS
LogInit:      CURL_VERSION_LARGEFILE
LogInit:      CURL_VERSION_IDN
LogInit:  CurlRequestOptions (configurable via config and command line):
LogInit:  - bVerifyPeer = false  - Libcurl will NOT verify peer certificate
LogInit:  - bUseHttpProxy = false  - Libcurl will NOT use HTTP proxy
LogInit:  - bDontReuseConnections = false  - Libcurl will reuse connections
LogInit:  - CertBundlePath = nullptr  - Libcurl will use whatever was configured at build time.
LogInit: Build: ++UE4+Release-4.13-CL-3106830
LogInit: Engine Version: 4.13.0-3106830+++UE4+Release-4.13
LogInit: Compatible Engine Version: 4.13.0-3106830+++UE4+Release-4.13
LogInit: Net CL: 3106830
LogDevObjectVersion: Number of dev versions registered: 13
LogDevObjectVersion:   Dev-Blueprints (B0D832E4-1F89-4F0D-ACCF-7EB736FD4AA2): 5
LogDevObjectVersion:   Dev-Build (E1C64328-A22C-4D53-A36C-8E866417BD8C): 0
LogDevObjectVersion:   Dev-Core (375EC13C-06E4-48FB-B500-84F0262A717E): 1
LogDevObjectVersion:   Dev-Editor (E4B068ED-F494-42E9-A231-DA0B2E46BB41): 6
LogDevObjectVersion:   Dev-Framework (CFFC743F-43B0-4480-9391-14DF171D2073): 12
LogDevObjectVersion:   Dev-Mobile (B02B49B5-BB20-44E9-A304-32B752E40360): 0
LogDevObjectVersion:   Dev-Networking (A4E4105C-59A1-49B5-A7C5-40C4547EDFEE): 0
LogDevObjectVersion:   Dev-Online (39C831C9-5AE6-47DC-9A44-9C173E1C8E7C): 0
LogDevObjectVersion:   Dev-Physics (78F01B33-EBEA-4F98-B9B4-84EACCB95AA2): 0
LogDevObjectVersion:   Dev-Platform (6631380F-2D4D-43E0-8009-CF276956A95A): 0
LogDevObjectVersion:   Dev-Rendering (12F88B9F-8875-4AFC-A67C-D90C383ABD29): 4
LogDevObjectVersion:   Dev-Sequencer (7B5AE74C-D270-4C10-A958-57980B212A5A): 0
LogDevObjectVersion:   Dev-VR (D7296918-1DD6-4BDD-9DE2-64A83CC13884): 0
LogInit: Compiled (64-bit): Aug 30 2016 18:11:39
LogInit: Compiled with Visual C++: 19.00.23026.00
LogInit: Build Configuration: Development
LogInit: Branch Name: ++UE4+Release-4.13
LogInit: Command line:  
LogInit: Base directory: C:/Program Files (x86)/Epic Games/4.13/Engine/Binaries/Win64/
LogInit: Installed Engine Build: 1
LogInit: Presizing for max 8388607 objects, including 0 objects not considered by GC, pre-allocating 0 bytes for permanent pool.
LogInit: Object subsystem initialized
[2016.10.13-03.49.05:130][  0]LogInit: Selected Device Profile: [Windows]
[2016.10.13-03.49.05:130][  0]LogInit: Applying CVar settings loaded from the selected device profile: [Windows]
[2016.10.13-03.49.05:163][  0]LogInit: Computer: AI301LAB0204P03
[2016.10.13-03.49.05:163][  0]LogInit: User: aicaoc
[2016.10.13-03.49.05:163][  0]LogInit: CPU Page size=65536, Cores=8
[2016.10.13-03.49.05:163][  0]LogInit: High frequency timer resolution =2.337949 MHz
[2016.10.13-03.49.05:164][  0]LogMemory: Memory total: Physical=16.0GB (16GB approx)
[2016.10.13-03.49.05:164][  0]LogMemory: Platform Memory Stats for Windows
[2016.10.13-03.49.05:164][  0]LogMemory: Process Physical Memory: 262.29 MB used, 262.29 MB peak
[2016.10.13-03.49.05:164][  0]LogMemory: Process Virtual Memory: 261.52 MB used, 261.52 MB peak
[2016.10.13-03.49.05:164][  0]LogMemory: Physical Memory: 4809.96 MB used, 16367.22 MB total
[2016.10.13-03.49.05:164][  0]LogMemory: Virtual Memory: 610.93 MB used, 8388608.00 MB total
[2016.10.13-03.49.05:251][  0]LogTextLocalizationManager: No specific translations for ('en-US') exist, so ('en') translations will be used.
[2016.10.13-03.49.06:254][  0]LogD3D11RHI: D3D11 adapters:
[2016.10.13-03.49.06:290][  0]LogD3D11RHI:    0. 'NVIDIA GeForce GTX 960' (Feature Level 11_0)
[2016.10.13-03.49.06:290][  0]LogD3D11RHI:       4010/0/7927 MB DedicatedVideo/DedicatedSystem/SharedSystem, Outputs:1, VendorId:0x10de
[2016.10.13-03.49.06:290][  0]LogD3D11RHI: Chosen D3D11 Adapter: 0
[2016.10.13-03.49.06:297][  0]LogD3D11RHI: Creating new Direct3DDevice
[2016.10.13-03.49.06:297][  0]LogD3D11RHI:     GPU DeviceId: 0x1401 (for the marketing name, search the web for "GPU Device Id")
[2016.10.13-03.49.06:297][  0]LogWindows: EnumDisplayDevices:
[2016.10.13-03.49.06:298][  0]LogWindows:    0. 'NVIDIA GeForce GTX 960' (P:1 D:1)
[2016.10.13-03.49.06:298][  0]LogWindows:    1. 'NVIDIA GeForce GTX 960' (P:0 D:0)
[2016.10.13-03.49.06:298][  0]LogWindows:    2. 'NVIDIA GeForce GTX 960' (P:0 D:0)
[2016.10.13-03.49.06:298][  0]LogWindows:    3. 'NVIDIA GeForce GTX 960' (P:0 D:0)
[2016.10.13-03.49.06:298][  0]LogWindows:    4. 'RDPDD Chained DD' (P:0 D:0)
[2016.10.13-03.49.06:299][  0]LogWindows:    5. 'RDP Encoder Mirror Driver' (P:0 D:0)
[2016.10.13-03.49.06:299][  0]LogWindows:    6. 'RDP Reflector Display Driver' (P:0 D:0)
[2016.10.13-03.49.06:299][  0]LogWindows: DebugString: GetVideoDriverDetailsInvalid PrimaryIsNotTheChoosenAdapter GetVideoDriverDetailsInvalid PrimaryIsNotTheChoosenAdapter GetVideoDriverDetailsInvalid PrimaryIsNotTheChoosenAdapter FoundDriverCount:4 
[2016.10.13-03.49.06:299][  0]LogD3D11RHI:     Adapter Name: NVIDIA GeForce GTX 960
[2016.10.13-03.49.06:299][  0]LogD3D11RHI:   Driver Version: 368.39 (internal:10.18.13.6839, unified:368.39)
[2016.10.13-03.49.06:299][  0]LogD3D11RHI:      Driver Date: 6-2-2016
[2016.10.13-03.49.06:299][  0]LogRHI: Texture pool is 1361 MB (70% of 1945 MB)
[2016.10.13-03.49.06:313][  0]LogD3D11RHI: Async texture creation enabled
[2016.10.13-03.49.06:331][  0]LogD3D11RHI: GPU Timing Frequency: 1000.000000 (Debug: 2 2)
[2016.10.13-03.49.06:331][  0]LogShaderCompilers: Guid format shader working directory is -45 characters bigger than the processId version (F:/Ai/Adv Game Prototyping/Cyber_Pirates/Design/Level_Design/Cyber_Pirates/Cyber_Pirates_001/Intermediate/Shaders/WorkingDirectory/3112/).
[2016.10.13-03.49.06:331][  0]LogShaderCompilers: Cleaned the shader compiler working directory 'C:/Users/aicaoc/AppData/Local/Temp/UnrealShaderWorkingDir/C61F1D0743D980EA8C260A87A3D95188/'.
[2016.10.13-03.49.06:331][  0]LogShaderCompilers:Display: Using Local Shader Compiler.
[2016.10.13-03.49.08:017][  0]LogTemp:Display: Loaded TP AllDesktopTargetPlatform
[2016.10.13-03.49.08:032][  0]LogTemp:Display: Loaded TP WindowsClientTargetPlatform
[2016.10.13-03.49.08:046][  0]LogTemp:Display: Loaded TP WindowsNoEditorTargetPlatform
[2016.10.13-03.49.08:061][  0]LogTemp:Display: Loaded TP WindowsServerTargetPlatform
[2016.10.13-03.49.08:075][  0]LogTemp:Display: Loaded TP WindowsTargetPlatform
[2016.10.13-03.49.08:088][  0]LogTemp:Display: Loaded TP AndroidTargetPlatform
[2016.10.13-03.49.08:100][  0]LogTemp:Display: Loaded TP Android_ASTCTargetPlatform
[2016.10.13-03.49.08:113][  0]LogTemp:Display: Loaded TP Android_ATCTargetPlatform
[2016.10.13-03.49.08:129][  0]LogTemp:Display: Loaded TP Android_DXTTargetPlatform
[2016.10.13-03.49.08:145][  0]LogTemp:Display: Loaded TP Android_ETC1TargetPlatform
[2016.10.13-03.49.08:159][  0]LogTemp:Display: Loaded TP Android_ETC2TargetPlatform
[2016.10.13-03.49.08:188][  0]LogTemp:Display: Loaded TP Android_MultiTargetPlatform
[2016.10.13-03.49.08:188][  0]LogTemp:Display: Loaded TP Android_PVRTCTargetPlatform
[2016.10.13-03.49.08:190][  0]LogTemp:Display: Loaded TP HTML5TargetPlatform
[2016.10.13-03.49.08:219][  0]LogTemp:Display: Loaded TP IOSTargetPlatform
[2016.10.13-03.49.08:232][  0]LogTemp:Display: Loaded TP TVOSTargetPlatform
[2016.10.13-03.49.08:246][  0]LogTemp:Display: Loaded TP LinuxClientTargetPlatform
[2016.10.13-03.49.08:259][  0]LogTemp:Display: Loaded TP LinuxNoEditorTargetPlatform
[2016.10.13-03.49.08:274][  0]LogTemp:Display: Loaded TP LinuxServerTargetPlatform
[2016.10.13-03.49.08:290][  0]LogTemp:Display: Loaded TP LinuxTargetPlatform
[2016.10.13-03.49.08:290][  0]LogTargetPlatformManager:Display: Building Assets For Windows
[2016.10.13-03.49.08:412][  0]LogDerivedDataCache:Display: Max Cache Size: 512 MB
[2016.10.13-03.49.08:537][  0]LogDerivedDataCache: Loaded boot cache 0.13s 63MB C:/Users/aicaoc/AppData/Local/UnrealEngine/4.13/DerivedDataCache/Boot.ddc.
[2016.10.13-03.49.08:537][  0]LogDerivedDataCache:Display: Loaded Boot cache: C:/Users/aicaoc/AppData/Local/UnrealEngine/4.13/DerivedDataCache/Boot.ddc
[2016.10.13-03.49.08:538][  0]LogDerivedDataCache: FDerivedDataBackendGraph:  Pak pak cache file F:/Ai/Adv Game Prototyping/Cyber_Pirates/Design/Level_Design/Cyber_Pirates/Cyber_Pirates_001/DerivedDataCache/DDC.ddp not found, will not use a pak cache.
[2016.10.13-03.49.08:538][  0]LogDerivedDataCache: Unable to find inner node Pak for hierarchical cache Hierarchy.
[2016.10.13-03.49.08:538][  0]LogDerivedDataCache: FDerivedDataBackendGraph:  CompressedPak pak cache file F:/Ai/Adv Game Prototyping/Cyber_Pirates/Design/Level_Design/Cyber_Pirates/Cyber_Pirates_001/DerivedDataCache/Compressed.ddp not found, will not use a pak cache.
[2016.10.13-03.49.08:538][  0]LogDerivedDataCache: Unable to find inner node CompressedPak for hierarchical cache Hierarchy.
[2016.10.13-03.49.08:583][  0]LogDerivedDataCache:Display: Pak cache opened for reading ../../../Engine/DerivedDataCache/Compressed.ddp.
[2016.10.13-03.49.08:596][  0]LogDerivedDataCache: Using Local data cache path C:/Users/aicaoc/AppData/Local/UnrealEngine/Common/DerivedDataCache: Writable
[2016.10.13-03.49.09:043][  0]LogInit: Selected Device Profile: [Windows]
[2016.10.13-03.49.09:048][  0]LogMaterial: Uniform references updated for custom material expression Custom.
[2016.10.13-03.49.09:049][  0]LogContentStreaming: Texture pool size is 0.00 MB
[2016.10.13-03.49.09:335][  0]LogMeshUtilities: No automatic mesh reduction module available
[2016.10.13-03.49.09:335][  0]LogMeshUtilities: No automatic mesh merging module available
[2016.10.13-03.49.09:335][  0]LogMeshUtilities: No distributed automatic mesh merging module available
[2016.10.13-03.49.09:863][  0]LogNetVersion: GetLocalNetworkVersion: CL: 3106830, ProjectName: cyber_pirates_001, ProjectVersion: , EngineNetworkVersion: 1, GameNetworkVersion: 0, NetworkChecksum: 1354488230
[2016.10.13-03.49.09:909][  0]LogAssetRegistry: FAssetRegistry took 0.0198 seconds to start up
[2016.10.13-03.49.09:981][  0]LogPackageLocalizationCache: Processed 3 localized package path(s) for 2 prioritized culture(s) in 0.067185 seconds
[2016.10.13-03.49.09:989][  0]LogUObjectArray: 29780 objects as part of root set at end of initial load.
[2016.10.13-03.49.09:989][  0]LogUObjectAllocator: 6125864 out of 0 bytes used by permanent object pool.
[2016.10.13-03.49.09:989][  0]LogUObjectArray: CloseDisregardForGC: 0/0 objects in disregard for GC pool
[2016.10.13-03.49.09:997][  0]LogInit: WinSock: version 1.1 (2.2), MaxSocks=32767, MaxUdp=65467
[2016.10.13-03.49.10:377][  0]LogSlate: SlateFontCache - WITH_FREETYPE: 1, WITH_HARFBUZZ: 1
[2016.10.13-03.49.10:377][  0]LogSlate: SlateFontCache - WITH_FREETYPE: 1, WITH_HARFBUZZ: 1
[2016.10.13-03.49.11:661][  0]LogUdpMessaging: Initializing bridge on interface 0.0.0.0:0 to multicast group 230.0.0.1:6666.
[2016.10.13-03.49.12:047][  0]SourceControl: Info Source control is disabled
[2016.10.13-03.49.12:049][  0]SourceControl: Info Source control is disabled
[2016.10.13-03.49.12:063][  0]SourceControl: Info Source control is disabled
[2016.10.13-03.49.12:077][  0]SourceControl: Info Source control is disabled
[2016.10.13-03.49.12:496][  0]LogEngine: Initializing Engine...
[2016.10.13-03.49.12:496][  0]LogHMD: Failed to initialize OpenVR with code 110
[2016.10.13-03.49.12:755][  0]LogAIModule: Creating AISystem for world Untitled
[2016.10.13-03.49.12:771][  0]LogInit: XAudio2 using 'Speakers (Realtek High Definition Audio)' : 2 channels at 48 kHz using 32 bits per sample (channel mask 0x3)
[2016.10.13-03.49.12:808][  0]LogInit: FAudioDevice initialized.
[2016.10.13-03.49.12:851][  0]LogDerivedDataCache: Saved boot cache 0.04s 62MB C:/Users/aicaoc/AppData/Local/UnrealEngine/4.13/DerivedDataCache/Boot.ddc.
[2016.10.13-03.49.12:866][  0]LogInit: Texture streaming: Enabled
[2016.10.13-03.49.12:904][  0]LogInit: Transaction tracking system initialized
[2016.10.13-03.49.12:935][  0]BlueprintLog: New page: Editor Load
[2016.10.13-03.49.13:050][  0]LocalizationService: Info Localization service is disabled
[2016.10.13-03.49.13:167][  0]LogConsoleResponse:Display: 
[2016.10.13-03.49.13:353][  0]LogCook:Display: Max memory allowance for cook 16384mb min free memory 0mb
[2016.10.13-03.49.13:353][  0]LogCook:Display: Mobile HDR setting 1
[2016.10.13-03.49.13:589][  0]LogFileCache: Scanning file cache for directory 'F:/Ai/Adv Game Prototyping/Cyber_Pirates/Design/Level_Design/Cyber_Pirates/Cyber_Pirates_001/Content/' took 0.01s
[2016.10.13-03.49.13:589][  0]SourceControl: Info Source control is disabled
[2016.10.13-03.49.13:590][  0]Cmd: MAP LOAD FILE="../../../Engine/Content/Maps/Templates/Template_Default.umap" TEMPLATE=1 SHOWPROGRESS=1 FEATURELEVEL=3
[2016.10.13-03.49.13:591][  0]LightingResults: New page: Lighting Build
[2016.10.13-03.49.13:595][  0]MapCheck: New page: Map Check
[2016.10.13-03.49.13:595][  0]LightingResults: New page: Lighting Build
[2016.10.13-03.49.14:139][  0]LogAIModule: Creating AISystem for world Untitled_1
[2016.10.13-03.49.14:147][  0]LogEditorServer: Finished looking for orphan Actors (0.000 secs)
[2016.10.13-03.49.14:155][  0]Cmd: MAP CHECKDEP NOCLEARLOG
[2016.10.13-03.49.14:255][  0]MapCheck: Info Map check complete: 0 Error(s), 0 Warning(s), took 100.133ms to complete.
[2016.10.13-03.49.14:255][  0]LogFileHelpers: Loading map 'Template_Default' took 0.665
[2016.10.13-03.49.14:425][  0]LogCollectionManager: Loaded 0 collections in 0.002493 seconds
[2016.10.13-03.49.14:473][  0]LogFileCache: Scanning file cache for directory 'F:/Ai/Adv Game Prototyping/Cyber_Pirates/Design/Level_Design/Cyber_Pirates/Cyber_Pirates_001/Saved/Collections/' took 0.01s
[2016.10.13-03.49.14:473][  0]LogFileCache: Scanning file cache for directory 'F:/Ai/Adv Game Prototyping/Cyber_Pirates/Design/Level_Design/Cyber_Pirates/Cyber_Pirates_001/Content/Developers/aicaoc/Collections/' took 0.01s
[2016.10.13-03.49.14:473][  0]LogFileCache: Scanning file cache for directory 'F:/Ai/Adv Game Prototyping/Cyber_Pirates/Design/Level_Design/Cyber_Pirates/Cyber_Pirates_001/Content/Collections/' took 0.01s
[2016.10.13-03.49.14:473][  0]LogCollectionManager: Rebuilt the GUID cache for 0 collections in 0.000008 seconds
[2016.10.13-03.49.14:496][  0]LogContentBrowser: Native class hierarchy populated in 0.0225 seconds. Added 2141 classes and 415 folders.
[2016.10.13-03.49.14:502][  0]LogStats: UGameplayTagsManager::ConstructGameplayTagTree: Construct from data asset -  0.000 s
[2016.10.13-03.49.14:503][  0]LogStats: UGameplayTagsManager::ConstructGameplayTagTree: GameplayTagTreeChangedEvent.Broadcast -  0.000 s
[2016.10.13-03.49.14:504][  0]LogContentBrowser: Native class hierarchy updated for 'GameplayTags' in 0.0010 seconds. Added 12 classes and 0 folders.
[2016.10.13-03.49.14:510][  0]LogContentBrowser: Native class hierarchy updated for 'WidgetCarousel' in 0.0008 seconds. Added 0 classes and 0 folders.
[2016.10.13-03.49.14:605][  0]LogContentBrowser: Native class hierarchy updated for 'AddContentDialog' in 0.0007 seconds. Added 0 classes and 0 folders.
[2016.10.13-03.49.14:619][  0]LogContentBrowser: Native class hierarchy updated for 'WorldBrowser' in 0.0009 seconds. Added 1 classes and 3 folders.
[2016.10.13-03.49.14:628][  0]LogContentBrowser: Native class hierarchy updated for 'SceneOutliner' in 0.0009 seconds. Added 1 classes and 2 folders.
[2016.10.13-03.49.14:656][  0]LogCrashTracker: Crashtracker disabled due to settings.
[2016.10.13-03.49.14:719][  0]LogContentBrowser: Native class hierarchy updated for 'HierarchicalLODOutliner' in 0.0008 seconds. Added 1 classes and 2 folders.
[2016.10.13-03.49.14:719][  0]LogLoad: (Engine Initialization) Total time: 13.20 seconds
[2016.10.13-03.49.14:719][  0]LogLoad: (Engine Initialization) Total Blueprint compile time: 0.11 seconds
[2016.10.13-03.49.14:719][  0]LogExternalProfiler: Found external profiler: VSPerf
[2016.10.13-03.49.14:719][  0]LogExternalProfiler: Using external profiler: VSPerf
[2016.10.13-03.49.14:729][  0]LogOcInput: OculusInput pre-init called
[2016.10.13-03.49.14:760][  0]LogContentStreaming: Texture pool size now 1000 MB
[2016.10.13-03.49.15:071][  0]LogRenderer: Reallocating scene render targets to support 1208x628 (Frame:2).
[2016.10.13-03.49.15:233][  2]LogAssetRegistry: Asset discovery search completed in 5.3447 seconds
[2016.10.13-03.49.15:234][  2]LogCollectionManager: Rebuilt the object cache for 0 collections in 0.000001 seconds (found 0 objects)
[2016.10.13-03.49.15:234][  2]LogCollectionManager: Fixed up redirectors for 0 collections in 0.000055 seconds (updated 0 objects)
[2016.10.13-03.50.01:051][ 19]LogAIModule: Creating AISystem for world BuildingsLevel
[2016.10.13-03.50.01:080][ 19]Cmd: MAP LOAD FILE="F:/Ai/Adv Game Prototyping/Cyber_Pirates/Design/Level_Design/Cyber_Pirates/Cyber_Pirates_001/Content/Level/BuildingsLevel.umap" TEMPLATE=0 SHOWPROGRESS=1 FEATURELEVEL=3
[2016.10.13-03.50.01:080][ 19]LightingResults: New page: Lighting Build
[2016.10.13-03.50.01:081][ 19]LoadErrors: New page: Loading map: BuildingsLevel.umap
[2016.10.13-03.50.01:082][ 19]MapCheck: New page: Map Check
[2016.10.13-03.50.01:082][ 19]LightingResults: New page: Lighting Build
[2016.10.13-03.50.01:102][ 19]LogEditorServer: Finished looking for orphan Actors (0.000 secs)
[2016.10.13-03.50.01:438][ 19]Cmd: MAP CHECKDEP NOCLEARLOG
[2016.10.13-03.50.01:547][ 19]MapCheck: Info Map check complete: 0 Error(s), 0 Warning(s), took 108.994ms to complete.
[2016.10.13-03.50.01:547][ 19]LogFileHelpers: Loading map 'BuildingsLevel' took 0.469
[2016.10.13-03.50.05:326][389]LogAIModule: Creating AISystem for world Cyber_Pirates
[2016.10.13-03.50.05:360][389]Cmd: MAP LOAD FILE="F:/Ai/Adv Game Prototyping/Cyber_Pirates/Design/Level_Design/Cyber_Pirates/Cyber_Pirates_001/Content/Level/Cyber_Pirates.umap" TEMPLATE=0 SHOWPROGRESS=1 FEATURELEVEL=3
[2016.10.13-03.50.05:360][389]LightingResults: New page: Lighting Build
[2016.10.13-03.50.05:362][389]LoadErrors: New page: Loading map: Cyber_Pirates.umap
[2016.10.13-03.50.05:363][389]MapCheck: New page: Map Check
[2016.10.13-03.50.05:363][389]LightingResults: New page: Lighting Build
[2016.10.13-03.50.05:393][389]LogEditorServer: Finished looking for orphan Actors (0.000 secs)
[2016.10.13-03.50.05:428][389]Cmd: MAP CHECKDEP NOCLEARLOG
[2016.10.13-03.50.05:538][389]MapCheck: Info Map check complete: 0 Error(s), 0 Warning(s), took 109.867ms to complete.
[2016.10.13-03.50.05:538][389]LogFileHelpers: Loading map 'Cyber_Pirates' took 0.180
[2016.10.13-03.50.12:252][  0]LogAIModule: Creating AISystem for world PersistentLevel_Nav
[2016.10.13-03.50.12:274][  0]Cmd: MAP LOAD FILE="F:/Ai/Adv Game Prototyping/Cyber_Pirates/Design/Level_Design/Cyber_Pirates/Cyber_Pirates_001/Content/Level/PersistentLevel_Nav.umap" TEMPLATE=0 SHOWPROGRESS=1 FEATURELEVEL=3
[2016.10.13-03.50.12:274][  0]LightingResults: New page: Lighting Build
[2016.10.13-03.50.12:275][  0]LoadErrors: New page: Loading map: PersistentLevel_Nav.umap
[2016.10.13-03.50.12:278][  0]MapCheck: New page: Map Check
[2016.10.13-03.50.12:278][  0]LightingResults: New page: Lighting Build
[2016.10.13-03.50.12:382][  0]LogEditorServer: Finished looking for orphan Actors (0.000 secs)
[2016.10.13-03.50.12:420][  0]Cmd: MAP CHECKDEP NOCLEARLOG
[2016.10.13-03.50.12:530][  0]MapCheck: Info Map check complete: 0 Error(s), 0 Warning(s), took 110.493ms to complete.
[2016.10.13-03.50.12:532][  0]LogFileHelpers: Loading map 'PersistentLevel_Nav' took 0.259
[2016.10.13-03.51.33:139][108]LogEditorViewport: Clicking on Actor (LMB): StaticMeshActor (SM_B_Tower9)
[2016.10.13-03.51.33:916][152]LogEditorViewport: Clicking on Actor (LMB): StaticMeshActor (SM_B_Tower15)
[2016.10.13-03.51.34:897][212]LogEditorViewport: Clicking on Actor (LMB): StaticMeshActor (SM_B_Tower12)
[2016.10.13-03.51.35:428][241]LogEditorViewport: Clicking on Actor (LMB): StaticMeshActor (SM_B_Tower11)
[2016.10.13-03.51.36:102][280]LogEditorViewport: Clicking on Actor (LMB): StaticMeshActor (SM_B_Tower7)
[2016.10.13-03.51.43:561][788]LogEditorViewport: Clicking on Actor (LMB): StaticMeshActor (SM_B_Small30)
[2016.10.13-03.51.44:460][843]LogEditorViewport: Clicking on Actor (LMB): StaticMeshActor (SM_B_Medium5)
[2016.10.13-03.51.44:908][868]LogEditorViewport: Clicking on Actor (LMB): StaticMeshActor (SM_B_Large7)
[2016.10.13-03.51.45:961][936]LogEditorViewport: Clicking on Actor (LMB): StaticMeshActor (SM_B_Large6)
[2016.10.13-03.51.48:917][131]LogEditorViewport: Clicking on Actor (LMB): StaticMeshActor (SM_B_Small30)
[2016.10.13-03.51.50:730][249]LogEditorViewport: Clicking on Actor (LMB): StaticMeshActor (SM_B_Small16)
[2016.10.13-03.53.12:419][585]LogEditorViewport: Clicking on Actor (LMB): StaticMeshActor (SM_B_Medium11)
[2016.10.13-03.53.12:904][613]LogEditorViewport: Clicking on Actor (LMB): StaticMeshActor (SM_B_Medium9)
[2016.10.13-03.53.13:347][637]LogEditorViewport: Clicking on Actor (LMB): BP_Sky_Sphere_C (Sky Sphere)
[2016.10.13-03.54.32:523][458]LogEditorViewport: Clicking on Actor (LMB): StaticMeshActor (SM_Path_56)
[2016.10.13-03.58.28:090][205]LogEditorViewport: Clicking on Actor (LMB): BP_Sky_Sphere_C (Sky Sphere)
[2016.10.13-03.58.28:817][246]LogEditorViewport: Clicking on Actor (LMB): StaticMeshActor (SM_Path_56)
[2016.10.13-03.58.32:310][474]Cmd: TRANSACTION UNDO
[2016.10.13-03.58.32:310][474]LogEditorTransaction: Undo Move Actors
[2016.10.13-03.58.35:433][679]LogEditorViewport: Clicking on Actor (LMB): BP_Sky_Sphere_C (Sky Sphere)
[2016.10.13-03.58.52:612][875]LogEditorViewport: Clicking on Actor (LMB): StaticMeshActor (SM_Bridge_10)
[2016.10.13-03.59.43:519][391]LogEditorViewport: Clicking on Actor (LMB): StaticMeshActor (SM_Bridge_9)
[2016.10.13-04.00.19:132][978]LogSavePackage: Save=180.54ms
[2016.10.13-04.00.19:132][978]LogSavePackage: Moving 'F:/Ai/Adv Game Prototyping/Cyber_Pirates/Design/Level_Design/Cyber_Pirates/Cyber_Pirates_001/Saved/Cyber_Pirates_Auto15CB163FD481C05E012A4A38B70BA0562.tmp' to 'F:/Ai/Adv Game Prototyping/Cyber_Pirates/Design/Level_Design/Cyber_Pirates/Cyber_Pirates_001/Saved/Autosaves/Game/Level/Cyber_Pirates_Auto1.umap'
[2016.10.13-04.00.19:137][978]LogSavePackage:Display: Finished SavePackage F:/Ai/Adv Game Prototyping/Cyber_Pirates/Design/Level_Design/Cyber_Pirates/Cyber_Pirates_001/Saved/Autosaves/Game/Level/Cyber_Pirates_Auto1.umap
[2016.10.13-04.00.19:139][978]LogFileHelpers: Editor autosave (incl. sublevels) for '/Game/Level/PersistentLevel_Nav' took 0.275
[2016.10.13-04.00.19:139][978]LogFileHelpers: Editor autosave (incl. sublevels) for all levels took 0.275
[2016.10.13-04.10.55:089][923]Cmd: QUIT_EDITOR
[2016.10.13-04.10.55:195][923]LogExit: Preparing to exit.
[2016.10.13-04.10.55:908][923]LogExit: Editor shut down
[2016.10.13-04.10.55:908][923]LogExit: Transaction tracking system shut down
[2016.10.13-04.10.56:091][923]LogObj: Freed 0b from 0 cluster array pools.
[2016.10.13-04.10.56:091][923]LogExit: Object subsystem successfully closed.
[2016.10.13-04.10.56:109][923]LogD3D11RHI: Shutdown
[2016.10.13-04.10.56:109][923]LogD3D11RHI: CleanupD3DDevice
[2016.10.13-04.10.56:182][923]LogD3D11RHI: ~FD3D11DynamicRHI
[2016.10.13-04.10.56:213][923]LogModuleManager: Shutting down and abandoning module HierarchicalLODOutliner (234)
[2016.10.13-04.10.56:213][923]LogModuleManager: Shutting down and abandoning module CrashTracker (233)
[2016.10.13-04.10.56:213][923]LogModuleManager: Shutting down and abandoning module SceneOutliner (232)
[2016.10.13-04.10.56:213][923]LogModuleManager: Shutting down and abandoning module WorldBrowser (231)
[2016.10.13-04.10.56:214][923]LogModuleManager: Shutting down and abandoning module WidgetCarousel (230)
[2016.10.13-04.10.56:214][923]LogModuleManager: Shutting down and abandoning module AddContentDialog (229)
[2016.10.13-04.10.56:214][923]LogDirectoryWatcher: A directory notification for 'C:/Program Files (x86)/Epic Games/4.13/FeaturePacks/' was aborted.
[2016.10.13-04.10.56:215][923]LogModuleManager: Shutting down and abandoning module GameplayTags (228)
[2016.10.13-04.10.56:215][923]LogModuleManager: Shutting down and abandoning module EditorWidgets (227)
[2016.10.13-04.10.56:215][923]LogModuleManager: Shutting down and abandoning module CollectionManager (226)
[2016.10.13-04.10.56:215][923]LogDirectoryWatcher: A directory notification for 'F:/Ai/Adv Game Prototyping/Cyber_Pirates/Design/Level_Design/Cyber_Pirates/Cyber_Pirates_001/Content/Collections/' was aborted.
[2016.10.13-04.10.56:216][923]LogDirectoryWatcher: A directory notification for 'F:/Ai/Adv Game Prototyping/Cyber_Pirates/Design/Level_Design/Cyber_Pirates/Cyber_Pirates_001/Content/Developers/aicaoc/Collections/' was aborted.
[2016.10.13-04.10.56:216][923]LogDirectoryWatcher: A directory notification for 'F:/Ai/Adv Game Prototyping/Cyber_Pirates/Design/Level_Design/Cyber_Pirates/Cyber_Pirates_001/Saved/Collections/' was aborted.
[2016.10.13-04.10.56:216][923]LogModuleManager: Shutting down and abandoning module StatsViewer (225)
[2016.10.13-04.10.56:216][923]LogModuleManager: Shutting down and abandoning module FoliageEdit (224)
[2016.10.13-04.10.56:216][923]LogModuleManager: Shutting down and abandoning module LandscapeEditor (223)
[2016.10.13-04.10.56:216][923]LogModuleManager: Shutting down and abandoning module SceneDepthPickerMode (222)
[2016.10.13-04.10.56:216][923]LogModuleManager: Shutting down and abandoning module ActorPickerMode (221)
[2016.10.13-04.10.56:216][923]LogModuleManager: Shutting down and abandoning module GeometryMode (220)
[2016.10.13-04.10.56:216][923]LogModuleManager: Shutting down and abandoning module TextureAlignMode (219)
[2016.10.13-04.10.56:216][923]LogModuleManager: Shutting down and abandoning module BspMode (218)
[2016.10.13-04.10.56:216][923]LogModuleManager: Shutting down and abandoning module HardwareSurvey (217)
[2016.10.13-04.10.56:217][923]LogModuleManager: Shutting down and abandoning module SequenceRecorderSections (216)
[2016.10.13-04.10.56:217][923]LogModuleManager: Shutting down and abandoning module SequenceRecorder (215)
[2016.10.13-04.10.56:217][923]LogModuleManager: Shutting down and abandoning module AutomationWorker (214)
[2016.10.13-04.10.56:217][923]LogModuleManager: Shutting down and abandoning module MatineeToLevelSequence (213)
[2016.10.13-04.10.56:217][923]LogModuleManager: Shutting down and abandoning module PlacementMode (212)
[2016.10.13-04.10.56:217][923]LogModuleManager: Shutting down and abandoning module LevelSequenceEditor (211)
[2016.10.13-04.10.56:217][923]LogModuleManager: Shutting down and abandoning module WmfMediaFactory (210)
[2016.10.13-04.10.56:217][923]LogModuleManager: Shutting down and abandoning module WmfMediaEditor (209)
[2016.10.13-04.10.56:217][923]LogModuleManager: Shutting down and abandoning module AvfMediaFactory (208)
[2016.10.13-04.10.56:217][923]LogModuleManager: Shutting down and abandoning module AvfMediaEditor (207)
[2016.10.13-04.10.56:217][923]LogModuleManager: Shutting down and abandoning module Media (206)
[2016.10.13-04.10.56:217][923]LogModuleManager: Shutting down and abandoning module AndroidMediaFactory (205)
[2016.10.13-04.10.56:217][923]LogModuleManager: Shutting down and abandoning module AndroidMediaEditor (204)
[2016.10.13-04.10.56:217][923]LogModuleManager: Shutting down and abandoning module CharacterAI (203)
[2016.10.13-04.10.56:217][923]LogModuleManager: Shutting down and abandoning module SmartSnapping (202)
[2016.10.13-04.10.56:217][923]LogModuleManager: Shutting down and abandoning module SessionServices (201)
[2016.10.13-04.10.56:217][923]LogModuleManager: Shutting down and abandoning module ViewportSnapping (200)
[2016.10.13-04.10.56:217][923]LogModuleManager: Shutting down and abandoning module ViewportInteraction (199)
[2016.10.13-04.10.56:217][923]LogModuleManager: Shutting down and abandoning module LogVisualizer (198)
[2016.10.13-04.10.56:217][923]LogModuleManager: Shutting down and abandoning module GameProjectGeneration (197)
[2016.10.13-04.10.56:217][923]LogModuleManager: Shutting down and abandoning module IntroTutorials (196)
[2016.10.13-04.10.56:218][923]LogModuleManager: Shutting down and abandoning module EditorLiveStreaming (195)
[2016.10.13-04.10.56:218][923]LogModuleManager: Shutting down and abandoning module IOSPlatformEditor (194)
[2016.10.13-04.10.56:218][923]LogModuleManager: Shutting down and abandoning module HTML5PlatformEditor (193)
[2016.10.13-04.10.56:218][923]LogModuleManager: Shutting down and abandoning module AndroidDeviceDetection (192)
[2016.10.13-04.10.57:192][923]LogModuleManager: Shutting down and abandoning module AndroidPlatformEditor (191)
[2016.10.13-04.10.57:192][923]LogModuleManager: Shutting down and abandoning module IOSRuntimeSettings (190)
[2016.10.13-04.10.57:192][923]LogModuleManager: Shutting down and abandoning module AndroidRuntimeSettings (189)
[2016.10.13-04.10.57:192][923]LogModuleManager: Shutting down and abandoning module NiagaraEditor (188)
[2016.10.13-04.10.57:192][923]LogModuleManager: Shutting down and abandoning module MergeActors (187)
[2016.10.13-04.10.57:192][923]LogModuleManager: Shutting down and abandoning module SizeMap (186)
[2016.10.13-04.10.57:192][923]LogModuleManager: Shutting down and abandoning module TreeMap (185)
[2016.10.13-04.10.57:192][923]LogModuleManager: Shutting down and abandoning module ReferenceViewer (184)
[2016.10.13-04.10.57:192][923]LogModuleManager: Shutting down and abandoning module LocalizationService (183)
[2016.10.13-04.10.57:192][923]LogModuleManager: Shutting down and abandoning module LocalizationDashboard (182)
[2016.10.13-04.10.57:192][923]LogModuleManager: Shutting down and abandoning module HardwareTargeting (181)
[2016.10.13-04.10.57:192][923]LogModuleManager: Shutting down and abandoning module DeviceProfileEditor (180)
[2016.10.13-04.10.57:192][923]LogModuleManager: Shutting down and abandoning module UndoHistory (179)
[2016.10.13-04.10.57:192][923]LogModuleManager: Shutting down and abandoning module UserFeedback (178)
[2016.10.13-04.10.57:192][923]LogModuleManager: Shutting down and abandoning module XmlParser (177)
[2016.10.13-04.10.57:192][923]LogModuleManager: Shutting down and abandoning module Blutility (176)
[2016.10.13-04.10.57:192][923]LogModuleManager: Shutting down and abandoning module ProjectTargetPlatformEditor (175)
[2016.10.13-04.10.57:193][923]LogModuleManager: Shutting down and abandoning module ProjectSettingsViewer (174)
[2016.10.13-04.10.57:193][923]LogModuleManager: Shutting down and abandoning module InputBindingEditor (173)
[2016.10.13-04.10.57:193][923]LogModuleManager: Shutting down and abandoning module EditorSettingsViewer (172)
[2016.10.13-04.10.57:193][923]LogModuleManager: Shutting down and abandoning module SettingsEditor (171)
[2016.10.13-04.10.57:193][923]LogModuleManager: Shutting down and abandoning module ProjectLauncher (170)
[2016.10.13-04.10.57:193][923]LogModuleManager: Shutting down and abandoning module SessionFrontend (169)
[2016.10.13-04.10.57:193][923]LogModuleManager: Shutting down and abandoning module ProfilerClient (168)
[2016.10.13-04.10.57:193][923]LogModuleManager: Shutting down and abandoning module TargetDeviceServices (167)
[2016.10.13-04.10.57:193][923]LogModuleManager: Shutting down and abandoning module DeviceManager (166)
[2016.10.13-04.10.57:244][923]LogModuleManager: Shutting down and abandoning module AutomationController (165)
[2016.10.13-04.10.57:244][923]LogModuleManager: Shutting down and abandoning module AutomationWindow (164)
[2016.10.13-04.10.57:244][923]LogModuleManager: Shutting down and abandoning module Layers (163)
[2016.10.13-04.10.57:244][923]LogModuleManager: Shutting down and abandoning module ComponentVisualizers (162)
[2016.10.13-04.10.57:244][923]LogModuleManager: Shutting down and abandoning module DetailCustomizations (161)
[2016.10.13-04.10.57:244][923]LogModuleManager: Shutting down and abandoning module PackagesDialog (160)
[2016.10.13-04.10.57:245][923]LogModuleManager: Shutting down and abandoning module AnimGraph (159)
[2016.10.13-04.10.57:245][923]LogModuleManager: Shutting down and abandoning module Persona (158)
[2016.10.13-04.10.57:245][923]LogModuleManager: Shutting down and abandoning module Kismet (157)
[2016.10.13-04.10.57:245][923]LogModuleManager: Shutting down and abandoning module GraphEditor (156)
[2016.10.13-04.10.57:246][923]LogModuleManager: Shutting down and abandoning module ClassViewer (155)
[2016.10.13-04.10.57:246][923]LogModuleManager: Shutting down and abandoning module Toolbox (154)
[2016.10.13-04.10.57:246][923]LogModuleManager: Shutting down and abandoning module ModuleUI (153)
[2016.10.13-04.10.57:246][923]LogModuleManager: Shutting down and abandoning module MovieSceneTools (152)
[2016.10.13-04.10.57:246][923]LogModuleManager: Shutting down and abandoning module OutputLog (151)
[2016.10.13-04.10.57:246][923]LogModuleManager: Shutting down and abandoning module GammaUI (150)
[2016.10.13-04.10.57:246][923]LogModuleManager: Shutting down and abandoning module Documentation (149)
[2016.10.13-04.10.57:246][923]LogModuleManager: Shutting down and abandoning module Niagara (148)
[2016.10.13-04.10.57:246][923]LogModuleManager: Shutting down and abandoning module StreamingPauseRendering (147)
[2016.10.13-04.10.57:246][923]LogModuleManager: Shutting down and abandoning module AnalyticsET (146)
[2016.10.13-04.10.57:246][923]LogModuleManager: Shutting down and abandoning module PortalServices (145)
[2016.10.13-04.10.57:246][923]LogModuleManager: Shutting down and abandoning module PortalRpc (144)
[2016.10.13-04.10.57:246][923]LogModuleManager: Shutting down and abandoning module MessagingRpc (143)
[2016.10.13-04.10.57:246][923]LogModuleManager: Shutting down and abandoning module GameplayDebugger (142)
[2016.10.13-04.10.57:246][923]LogModuleManager: Shutting down and abandoning module AITestSuite (141)
[2016.10.13-04.10.57:246][923]LogModuleManager: Shutting down and abandoning module AIModule (140)
[2016.10.13-04.10.57:246][923]LogModuleManager: Shutting down and abandoning module ProfilerService (139)
[2016.10.13-04.10.57:496][923]LogModuleManager: Shutting down and abandoning module TaskGraph (138)
[2016.10.13-04.10.57:497][923]LogModuleManager: Shutting down and abandoning module SlateRemote (137)
[2016.10.13-04.10.57:497][923]LogModuleManager: Shutting down and abandoning module SteamVRController (136)
[2016.10.13-04.10.57:497][923]LogModuleManager: Shutting down and abandoning module SteamVR (135)
[2016.10.13-04.10.57:497][923]LogModuleManager: Shutting down and abandoning module ProceduralMeshComponentEditor (134)
[2016.10.13-04.10.57:497][923]LogModuleManager: Shutting down and abandoning module ProceduralMeshComponent (133)
[2016.10.13-04.10.57:497][923]LogModuleManager: Shutting down and abandoning module OculusLibrary (132)
[2016.10.13-04.10.57:497][923]LogModuleManager: Shutting down and abandoning module OculusInput (131)
[2016.10.13-04.10.57:497][923]LogModuleManager: Shutting down and abandoning module CustomMeshComponent (130)
[2016.10.13-04.10.57:497][923]LogModuleManager: Shutting down and abandoning module CableComponent (129)
[2016.10.13-04.10.57:497][923]LogModuleManager: Shutting down and abandoning module ArchVisCharacter (128)
[2016.10.13-04.10.57:497][923]LogModuleManager: Shutting down and abandoning module MediaPlayerEditor (126)
[2016.10.13-04.10.57:497][923]LogModuleManager: Shutting down and abandoning module HTML5Networking (125)
[2016.10.13-04.10.57:497][923]LogModuleManager: Shutting down and abandoning module GeometryCacheEd (124)
[2016.10.13-04.10.57:497][923]LogModuleManager: Shutting down and abandoning module GeometryCache (123)
[2016.10.13-04.10.57:497][923]LogModuleManager: Shutting down and abandoning module AlembicLibrary (122)
[2016.10.13-04.10.57:497][923]LogModuleManager: Shutting down and abandoning module AlembicImporter (121)
[2016.10.13-04.10.57:497][923]LogModuleManager: Shutting down and abandoning module SuperSearch (120)
[2016.10.13-04.10.57:497][923]LogModuleManager: Shutting down and abandoning module SuperSearchEditor (119)
[2016.10.13-04.10.57:497][923]LogModuleManager: Shutting down and abandoning module SpeedTreeImporter (118)
[2016.10.13-04.10.57:497][923]LogModuleManager: Shutting down and abandoning module PluginBrowser (117)
[2016.10.13-04.10.57:497][923]LogModuleManager: Shutting down and abandoning module MobileLauncherProfileWizard (116)
[2016.10.13-04.10.57:497][923]LogModuleManager: Shutting down and abandoning module EpicSurvey (115)
[2016.10.13-04.10.57:497][923]LogModuleManager: Shutting down and abandoning module DesktopPlatform (114)
[2016.10.13-04.10.57:497][923]LogModuleManager: Shutting down and abandoning module VisualStudioSourceCodeAccess (113)
[2016.10.13-04.10.57:497][923]LogModuleManager: Shutting down and abandoning module UObjectPlugin (112)
[2016.10.13-04.10.57:497][923]LogModuleManager: Shutting down and abandoning module SubversionSourceControl (111)
[2016.10.13-04.10.57:497][923]LogModuleManager: Shutting down and abandoning module PerforceSourceControl (110)
[2016.10.13-04.10.57:497][923]LogModuleManager: Shutting down and abandoning module SourceControl (109)
[2016.10.13-04.10.57:498][923]LogModuleManager: Shutting down and abandoning module GitSourceControl (108)
[2016.10.13-04.10.57:498][923]LogModuleManager: Shutting down and abandoning module LightPropagationVolumeEditor (107)
[2016.10.13-04.10.57:498][923]LogModuleManager: Shutting down and abandoning module PaperTiledImporter (106)
[2016.10.13-04.10.57:498][923]LogModuleManager: Shutting down and abandoning module PaperSpriteSheetImporter (105)
[2016.10.13-04.10.57:498][923]LogModuleManager: Shutting down and abandoning module MeshPaint (104)
[2016.10.13-04.10.57:498][923]LogModuleManager: Shutting down and abandoning module FbxAutomationBuilderModule (103)
[2016.10.13-04.10.57:498][923]LogModuleManager: Shutting down and abandoning module PixelInspectorModule (102)
[2016.10.13-04.10.57:498][923]LogModuleManager: Shutting down and abandoning module HotReload (101)
[2016.10.13-04.10.57:499][923]LogModuleManager: Shutting down and abandoning module MainFrame (100)
[2016.10.13-04.10.57:499][923]LogModuleManager: Shutting down and abandoning module LevelEditor (99)
[2016.10.13-04.10.57:500][923]LogModuleManager: Shutting down and abandoning module ContentBrowser (98)
[2016.10.13-04.10.57:502][923]LogModuleManager: Shutting down and abandoning module Paper2DEditor (97)
[2016.10.13-04.10.57:502][923]LogModuleManager: Shutting down and abandoning module UdpMessaging (96)
[2016.10.13-04.10.57:602][923]LogModuleManager: Shutting down and abandoning module TcpMessaging (95)
[2016.10.13-04.10.57:602][923]LogModuleManager: Shutting down and abandoning module LightPropagationVolumeRuntime (94)
[2016.10.13-04.10.57:602][923]LogModuleManager: Shutting down and abandoning module Paper2D (93)
[2016.10.13-04.10.57:602][923]LogModuleManager: Shutting down and abandoning module WindowsMoviePlayer (92)
[2016.10.13-04.10.57:602][923]LogModuleManager: Shutting down and abandoning module WmfMedia (91)
[2016.10.13-04.10.57:602][923]LogModuleManager: Shutting down and abandoning module MediaAssets (90)
[2016.10.13-04.10.57:602][923]LogModuleManager: Shutting down and abandoning module GameLiveStreaming (89)
[2016.10.13-04.10.57:603][923]LogModuleManager: Shutting down and abandoning module GameplayTagsEditor (88)
[2016.10.13-04.10.57:603][923]LogModuleManager: Shutting down and abandoning module VREditor (87)
[2016.10.13-04.10.57:603][923]LogModuleManager: Shutting down and abandoning module GameplayTasksEditor (86)
[2016.10.13-04.10.57:603][923]LogModuleManager: Shutting down and abandoning module PropertyEditor (85)
[2016.10.13-04.10.57:603][923]LogModuleManager: Shutting down and abandoning module BehaviorTreeEditor (84)
[2016.10.13-04.10.57:603][923]LogModuleManager: Shutting down and abandoning module FunctionalTesting (83)
[2016.10.13-04.10.57:603][923]LogModuleManager: Shutting down and abandoning module CollisionAnalyzer (82)
[2016.10.13-04.10.57:603][923]LogModuleManager: Shutting down and abandoning module Sequencer (81)
[2016.10.13-04.10.57:603][923]LogModuleManager: Shutting down and abandoning module WorkspaceMenuStructure (80)
[2016.10.13-04.10.57:603][923]LogModuleManager: Shutting down and abandoning module MessageLog (79)
[2016.10.13-04.10.57:603][923]LogModuleManager: Shutting down and abandoning module AssetTools (78)
[2016.10.13-04.10.57:603][923]LogModuleManager: Shutting down and abandoning module UMGEditor (77)
[2016.10.13-04.10.57:603][923]LogModuleManager: Shutting down and abandoning module UMG (76)
[2016.10.13-04.10.57:603][923]LogModuleManager: Shutting down and abandoning module SlateReflector (75)
[2016.10.13-04.10.57:603][923]LogModuleManager: Shutting down and abandoning module Slate (74)
[2016.10.13-04.10.57:603][923]LogModuleManager: Shutting down and abandoning module EditorStyle (73)
[2016.10.13-04.10.57:609][923]LogModuleManager: Shutting down and abandoning module SourceCodeAccess (72)
[2016.10.13-04.10.57:609][923]LogModuleManager: Shutting down and abandoning module HeadMountedDisplay (71)
[2016.10.13-04.10.57:609][923]LogModuleManager: Shutting down and abandoning module XAudio2 (70)
[2016.10.13-04.10.57:609][923]LogModuleManager: Shutting down and abandoning module Networking (68)
[2016.10.13-04.10.57:609][923]LogModuleManager: Shutting down and abandoning module Core (67)
[2016.10.13-04.10.57:609][923]LogModuleManager: Shutting down and abandoning module DirectoryWatcher (66)
[2016.10.13-04.10.57:609][923]LogDirectoryWatcher: A directory notification for '../../../Engine/Content/' was aborted.
[2016.10.13-04.10.57:609][923]LogDirectoryWatcher: A directory notification for 'F:/Ai/Adv Game Prototyping/Cyber_Pirates/Design/Level_Design/Cyber_Pirates/Cyber_Pirates_001/Content/' was aborted.
[2016.10.13-04.10.57:609][923]LogDirectoryWatcher: A directory notification for '../../../Engine/Plugins/2D/Paper2D/Content/' was aborted.
[2016.10.13-04.10.57:610][923]LogModuleManager: Shutting down and abandoning module AssetRegistry (65)
[2016.10.13-04.10.58:573][923]LogModuleManager: Shutting down and abandoning module KismetCompiler (64)
[2016.10.13-04.10.58:573][923]LogModuleManager: Shutting down and abandoning module PhysXFormats (63)
[2016.10.13-04.10.58:573][923]LogModuleManager: Shutting down and abandoning module MeshUtilities (62)
[2016.10.13-04.10.58:573][923]LogModuleManager: Shutting down and abandoning module DerivedDataCache (61)
[2016.10.13-04.10.58:645][923]LogDerivedDataCache: Shutdown
[2016.10.13-04.10.58:645][923]LogModuleManager: Shutting down and abandoning module VulkanShaderFormat (60)
[2016.10.13-04.10.58:645][923]LogModuleManager: Shutting down and abandoning module ShaderFormatOpenGL (59)
[2016.10.13-04.10.58:645][923]LogModuleManager: Shutting down and abandoning module ShaderFormatD3D (58)
[2016.10.13-04.10.58:645][923]LogModuleManager: Shutting down and abandoning module MetalShaderFormat (57)
[2016.10.13-04.10.58:645][923]LogModuleManager: Shutting down and abandoning module TextureFormatUncompressed (56)
[2016.10.13-04.10.58:645][923]LogModuleManager: Shutting down and abandoning module TextureFormatPVR (55)
[2016.10.13-04.10.58:645][923]LogModuleManager: Shutting down and abandoning module TextureFormatDXT (54)
[2016.10.13-04.10.58:645][923]LogModuleManager: Shutting down and abandoning module TextureFormatIntelISPCTexComp (53)
[2016.10.13-04.10.58:645][923]LogModuleManager: Shutting down and abandoning module ImageWrapper (52)
[2016.10.13-04.10.58:645][923]LogModuleManager: Shutting down and abandoning module TextureFormatASTC (51)
[2016.10.13-04.10.58:645][923]LogModuleManager: Shutting down and abandoning module TextureFormatAndroid (50)
[2016.10.13-04.10.58:645][923]LogModuleManager: Shutting down and abandoning module AudioFormatOpus (49)
[2016.10.13-04.10.58:645][923]LogModuleManager: Shutting down and abandoning module AudioFormatOgg (48)
[2016.10.13-04.10.58:645][923]LogModuleManager: Shutting down and abandoning module AudioFormatADPCM (47)
[2016.10.13-04.10.58:645][923]LogModuleManager: Shutting down and abandoning module LinuxTargetPlatform (46)
[2016.10.13-04.10.58:645][923]LogModuleManager: Shutting down and abandoning module LinuxServerTargetPlatform (45)
[2016.10.13-04.10.58:645][923]LogModuleManager: Shutting down and abandoning module LinuxNoEditorTargetPlatform (44)
[2016.10.13-04.10.58:645][923]LogModuleManager: Shutting down and abandoning module LinuxClientTargetPlatform (43)
[2016.10.13-04.10.58:646][923]LogModuleManager: Shutting down and abandoning module TVOSTargetPlatform (42)
[2016.10.13-04.10.58:646][923]LogModuleManager: Shutting down and abandoning module Messaging (41)
[2016.10.13-04.10.58:646][923]LogModuleManager: Shutting down and abandoning module IOSTargetPlatform (40)
[2016.10.13-04.10.58:646][923]LogModuleManager: Shutting down and abandoning module HTML5TargetPlatform (39)
[2016.10.13-04.10.58:646][923]LogModuleManager: Shutting down and abandoning module Android_PVRTCTargetPlatform (38)
[2016.10.13-04.10.58:646][923]LogModuleManager: Shutting down and abandoning module Android_MultiTargetPlatform (37)
[2016.10.13-04.10.58:646][923]LogModuleManager: Shutting down and abandoning module Android_ETC2TargetPlatform (36)
[2016.10.13-04.10.58:646][923]LogModuleManager: Shutting down and abandoning module Android_ETC1TargetPlatform (35)
[2016.10.13-04.10.58:646][923]LogModuleManager: Shutting down and abandoning module Android_DXTTargetPlatform (34)
[2016.10.13-04.10.58:646][923]LogModuleManager: Shutting down and abandoning module Android_ATCTargetPlatform (33)
[2016.10.13-04.10.58:646][923]LogModuleManager: Shutting down and abandoning module Android_ASTCTargetPlatform (32)
[2016.10.13-04.10.58:646][923]LogModuleManager: Shutting down and abandoning module AndroidTargetPlatform (31)
[2016.10.13-04.10.58:646][923]LogModuleManager: Shutting down and abandoning module WindowsTargetPlatform (30)
[2016.10.13-04.10.58:646][923]LogModuleManager: Shutting down and abandoning module WindowsServerTargetPlatform (29)
[2016.10.13-04.10.58:646][923]LogModuleManager: Shutting down and abandoning module WindowsNoEditorTargetPlatform (28)
[2016.10.13-04.10.58:646][923]LogModuleManager: Shutting down and abandoning module WindowsClientTargetPlatform (27)
[2016.10.13-04.10.58:646][923]LogModuleManager: Shutting down and abandoning module AllDesktopTargetPlatform (26)
[2016.10.13-04.10.58:646][923]LogModuleManager: Shutting down and abandoning module TargetPlatform (25)
[2016.10.13-04.10.58:646][923]LogModuleManager: Shutting down and abandoning module InputCore (24)
[2016.10.13-04.10.58:646][923]LogModuleManager: Shutting down and abandoning module Settings (23)
[2016.10.13-04.10.58:646][923]LogModuleManager: Shutting down and abandoning module OculusRift (22)
[2016.10.13-04.10.58:646][923]LogModuleManager: Shutting down and abandoning module GearVR (21)
[2016.10.13-04.10.58:646][923]LogModuleManager: Shutting down and abandoning module ExampleDeviceProfileSelector (20)
[2016.10.13-04.10.58:646][923]LogModuleManager: Shutting down and abandoning module OnlineBlueprintSupport (19)
[2016.10.13-04.10.58:646][923]LogModuleManager: Shutting down and abandoning module OnlineSubsystem (17)
[2016.10.13-04.10.58:646][923]LogOnline:Display: Unloading online subsystem: NULL
[2016.10.13-04.10.58:646][923]LogModuleManager: Shutting down and abandoning module HTTP (16)
[2016.10.13-04.10.58:646][923]LogHttp:Display: Http module shutting down, but needs to wait on 1 outstanding Http requests:
[2016.10.13-04.10.58:646][923]LogHttp:Display: 	verb=[POST] url=[https://datarouter.ol.epicgames.com/datarouter/api/v1/public/data?SessionID=%7B045BF6FF-477A-DF8A-4FA8-33B3867AD5B6%7D&AppID=UEEditor.Rocket.Release&AppVersion=%2B%2BUE4%2BRelease-4.13-CL-3106830&UserID=afda09d34efa9abd1495a49dff8bedf6%7C3173e932fc4946429d69409567dced0f%7C1bb07904-b504-4a96-8885-cb56301ccafe&AppEnvironment=datacollector-binary&UploadType=eteventstream] status=Processing
[2016.10.13-04.10.58:658][923]LogModuleManager: Shutting down and abandoning module XMPP (15)
[2016.10.13-04.10.58:658][923]LogModuleManager: Shutting down and abandoning module TextureCompressor (14)
[2016.10.13-04.10.58:659][923]LogModuleManager: Shutting down and abandoning module ShaderCore (13)
[2016.10.13-04.10.58:659][923]LogModuleManager: Shutting down and abandoning module Landscape (12)
[2016.10.13-04.10.58:659][923]LogModuleManager: Shutting down and abandoning module SlateRHIRenderer (11)
[2016.10.13-04.10.58:661][923]LogModuleManager: Shutting down and abandoning module OpenGLDrv (10)
[2016.10.13-04.10.58:661][923]LogModuleManager: Shutting down and abandoning module D3D11RHI (9)
[2016.10.13-04.10.58:661][923]LogModuleManager: Shutting down and abandoning module AnimGraphRuntime (8)
[2016.10.13-04.10.58:661][923]LogModuleManager: Shutting down and abandoning module Renderer (7)
[2016.10.13-04.10.58:661][923]LogModuleManager: Shutting down and abandoning module Engine (6)
[2016.10.13-04.10.58:661][923]LogModuleManager: Shutting down and abandoning module CoreUObject (5)
[2016.10.13-04.10.58:661][923]LogModuleManager: Shutting down and abandoning module NetworkFile (4)
[2016.10.13-04.10.58:661][923]LogModuleManager: Shutting down and abandoning module StreamingFile (3)
[2016.10.13-04.10.58:661][923]LogModuleManager: Shutting down and abandoning module SandboxFile (2)
[2016.10.13-04.10.58:661][923]LogModuleManager: Shutting down and abandoning module PakFile (1)
[2016.10.13-04.10.58:665][923]LogExit: Exiting.
[2016.10.13-04.10.58:667][923]Log file closed, 10/12/16 21:10:58
